#
# A fatal error has been detected by the Java Runtime Environment:
#
#  SIGILL (0x4) at pc=0x00007fff8d1ff694, pid=6342, tid=0x0000000000000307
#
# JRE version: Java(TM) SE Runtime Environment (8.0_121-b13) (build 1.8.0_121-b13)
# Java VM: Java HotSpot(TM) 64-Bit Server VM (25.121-b13 mixed mode bsd-amd64 compressed oops)
# Problematic frame:
# C  [libdispatch.dylib+0xc694]  _dispatch_barrier_sync_f_slow+0x2a3
#
# Failed to write core dump. Core dumps have been disabled. To enable core dumping, try "ulimit -c unlimited" before starting Java again
#
# If you would like to submit a bug report, please visit:
#   http://bugreport.java.com/bugreport/crash.jsp
# The crash happened outside the Java Virtual Machine in native code.
# See problematic frame for where to report the bug.
#

---------------  T H R E A D  ---------------

Current thread (0x00007fdb209c4000):  JavaThread "JavaFX Application Thread" [_thread_in_native, id=775, stack(0x00007fff51605000,0x00007fff51e05000)]

siginfo: si_signo: 4 (SIGILL), si_code: 1 (ILL_ILLOPC), si_addr: 0x00007fff8d1ff694

Registers:
RAX=0x00007fff96113a80, RBX=0x00007fff96113a80, RCX=0x00007fff8d21d1df, RDX=0x0000000000000307
RSP=0x00007fff51dfba90, RBP=0x00007fff51dfbb60, RSI=0x0000000000000307, RDI=0x00007fff96113a80
R8 =0x0000000000000001, R9 =0x00007fdb205dd670, R10=0x000000000000002e, R11=0x00007fff8d1fd791
R12=0x00000000100020ff, R13=0x00007fff961158d1, R14=0x000000012ca0cdeb, R15=0x00007fff51dfbb78
RIP=0x00007fff8d1ff694, EFLAGS=0x0000000000010246, ERR=0x0000000000000000
  TRAPNO=0x0000000000000006

Top of Stack: (sp=0x00007fff51dfba90)
0x00007fff51dfba90:   0000000000000003 00000000100020ff
0x00007fff51dfbaa0:   0000000000000000 ffffffffffffffff
0x00007fff51dfbab0:   00007fff8d200ed4 00007fff51dfbad0
0x00007fff51dfbac0:   0000000000000307 00007fff51dfbb30
0x00007fff51dfbad0:   0000000000000000 0000000000000000
0x00007fff51dfbae0:   0000000000000000 0000000000000000
0x00007fff51dfbaf0:   000000012ca0cdeb 00007fff51dfbb78
0x00007fff51dfbb00:   00007fff96113a80 00007fff51dfbb30
0x00007fff51dfbb10:   00007fff96113a80 0000000000000000
0x00007fff51dfbb20:   0000000000000000 00007fff51dfbbd8
0x00007fff51dfbb30:   0000000100000000 00007fff51dfbbd8
0x00007fff51dfbb40:   0000000000000000 0000000110c60910
0x00007fff51dfbb50:   000000012ca194be 00007fdb205dd670
0x00007fff51dfbb60:   00007fff51dfbbc0 000000012ca0cdb1
0x00007fff51dfbb70:   00007fdb205ddd40 00007fff96123060
0x00007fff51dfbb80:   00000000c2000000 000000012ca0cdeb
0x00007fff51dfbb90:   000000012ca21360 00007fdb205dd670
0x00007fff51dfbba0:   00007fff51dfbbd8 00007fdb209c41f8
0x00007fff51dfbbb0:   00007fff51dfbbd8 00007fff96127070
0x00007fff51dfbbc0:   00007fff51dfc740 000000012ca0e3fb
0x00007fff51dfbbd0:   000000000000009a 000000012ca21460
0x00007fff51dfbbe0:   000000000bc1aa01 000000000bc2bb02
0x00007fff51dfbbf0:   000000012ca19700 00007f0000000000
0x00007fff51dfbc00:   00007fdb206f3640 00007fff51dfbc18
0x00007fff51dfbc10:   00007fff51dfbd80 0000000000000001
0x00007fff51dfbc20:   0000003000000010 00007fff51dfc430
0x00007fff51dfbc30:   00007fff51dfbb60 00007fff51dfc440
0x00007fff51dfbc40:   00007fff51dfc3d0 00007fdb209c4000
0x00007fff51dfbc50:   0000000000000033 0000000000000001
0x00007fff51dfbc60:   0000003000000010 00007fff51dfc470
0x00007fff51dfbc70:   00007fff51dfbba0 00007fff51dfc480
0x00007fff51dfbc80:   00007fff51dfbbb0 0000000110c5fce8 

Instructions: (pc=0x00007fff8d1ff694)
0x00007fff8d1ff674:   d4 00 00 e9 2a ff ff ff 48 8d 0d 5c db 01 00 48
0x00007fff8d1ff684:   89 d8 48 89 0d b3 61 f1 08 48 89 05 dc 61 f1 08
0x00007fff8d1ff694:   0f 0b 48 8d 0d b6 d9 01 00 48 89 0d 9c 61 f1 08
0x00007fff8d1ff6a4:   0f 0b 48 8d 0d cf da 01 00 48 89 0d 8c 61 f1 08 

Register to memory mapping:

RAX=0x00007fff96113a80: _dispatch_main_q+0 in /usr/lib/system/libdispatch.dylib at 0x00007fff8d1f3000
RBX=0x00007fff96113a80: _dispatch_main_q+0 in /usr/lib/system/libdispatch.dylib at 0x00007fff8d1f3000
RCX=0x00007fff8d21d1df: _voucher_activity_id_allocate_slow+0x2077 in /usr/lib/system/libdispatch.dylib at 0x00007fff8d1f3000
RDX=0x0000000000000307 is an unknown value
RSP=0x00007fff51dfba90 is pointing into the stack for thread: 0x00007fdb209c4000
RBP=0x00007fff51dfbb60 is pointing into the stack for thread: 0x00007fdb209c4000
RSI=0x0000000000000307 is an unknown value
RDI=0x00007fff96113a80: _dispatch_main_q+0 in /usr/lib/system/libdispatch.dylib at 0x00007fff8d1f3000
R8 =0x0000000000000001 is an unknown value
R9 =0x00007fdb205dd670 is an unknown value
R10=0x000000000000002e is an unknown value
R11=0x00007fff8d1fd791: dispatch_sync+0 in /usr/lib/system/libdispatch.dylib at 0x00007fff8d1f3000
R12=0x00000000100020ff is an unknown value
R13=0x00007fff961158d1: _dispatch_xbs_has_ulock+0 in /usr/lib/system/libdispatch.dylib at 0x00007fff8d1f3000
R14=0x000000012ca0cdeb: ___Z22synchronousBTOperationP8Runnable_block_invoke+0 in /private/var/folders/ln/k65kzw8x3s39kqk_9k4tjpr80000gn/T/bluecove_veek_0/libbluecove.jnilib at 0x000000012ca09000
R15=0x00007fff51dfbb78 is pointing into the stack for thread: 0x00007fdb209c4000


Stack: [0x00007fff51605000,0x00007fff51e05000],  sp=0x00007fff51dfba90,  free space=8154k
Native frames: (J=compiled Java code, j=interpreted, Vv=VM code, C=native code)
C  [libdispatch.dylib+0xc694]  _dispatch_barrier_sync_f_slow+0x2a3
C  [libbluecove.jnilib+0x3db1]  synchronousBTOperation(Runnable*)+0x8b
C  [libbluecove.jnilib+0x53fb]  Java_com_intel_bluetooth_BluetoothStackOSX_getLocalDeviceSupportedSoftwareVersion+0xdd
j  com.intel.bluetooth.BluetoothStackOSX.getLocalDeviceSupportedSoftwareVersion()I+0
j  com.intel.bluetooth.BluetoothStackOSX.initialize()V+101
j  com.intel.bluetooth.BlueCoveImpl.setBluetoothStack(Ljava/lang/String;Lcom/intel/bluetooth/BluetoothStack;)Lcom/intel/bluetooth/BluetoothStack;+290
j  com.intel.bluetooth.BlueCoveImpl.detectStack()Lcom/intel/bluetooth/BluetoothStack;+455
j  com.intel.bluetooth.BlueCoveImpl.access$500(Lcom/intel/bluetooth/BlueCoveImpl;)Lcom/intel/bluetooth/BluetoothStack;+1
j  com.intel.bluetooth.BlueCoveImpl$1.run()Ljava/lang/Object;+4
v  ~StubRoutines::call_stub
V  [libjvm.dylib+0x2ed9d6]  JavaCalls::call_helper(JavaValue*, methodHandle*, JavaCallArguments*, Thread*)+0x6ae
V  [libjvm.dylib+0x34e114]  JVM_DoPrivileged+0x4b8
J 355  java.security.AccessController.doPrivileged(Ljava/security/PrivilegedExceptionAction;Ljava/security/AccessControlContext;)Ljava/lang/Object; (0 bytes) @ 0x0000000114284f95 [0x0000000114284ec0+0xd5]
j  com.intel.bluetooth.BlueCoveImpl.detectStackPrivileged()Lcom/intel/bluetooth/BluetoothStack;+15
j  com.intel.bluetooth.BlueCoveImpl.getBluetoothStack()Lcom/intel/bluetooth/BluetoothStack;+63
j  com.intel.bluetooth.MicroeditionConnector.openImpl(Ljava/lang/String;IZZ)Ljavax/microedition/io/Connection;+140
j  com.intel.bluetooth.MicroeditionConnector.open(Ljava/lang/String;)Ljavax/microedition/io/Connection;+4
j  javax.microedition.io.Connector.open(Ljava/lang/String;)Ljavax/microedition/io/Connection;+6
j  com.veek.dmserver.SimpleSPPServer.<init>()V+54
j  com.veek.dmserver.Main.<init>()V+15
v  ~StubRoutines::call_stub
V  [libjvm.dylib+0x2ed9d6]  JavaCalls::call_helper(JavaValue*, methodHandle*, JavaCallArguments*, Thread*)+0x6ae
V  [libjvm.dylib+0x4d26c4]  Reflection::invoke(instanceKlassHandle, methodHandle, Handle, bool, objArrayHandle, BasicType, objArrayHandle, bool, Thread*)+0xe12
V  [libjvm.dylib+0x4d2a09]  Reflection::invoke_constructor(oopDesc*, objArrayHandle, Thread*)+0x181
V  [libjvm.dylib+0x345be1]  JVM_NewInstanceFromConstructor+0x7c
j  sun.reflect.NativeConstructorAccessorImpl.newInstance0(Ljava/lang/reflect/Constructor;[Ljava/lang/Object;)Ljava/lang/Object;+0
j  sun.reflect.NativeConstructorAccessorImpl.newInstance([Ljava/lang/Object;)Ljava/lang/Object;+85
j  sun.reflect.DelegatingConstructorAccessorImpl.newInstance([Ljava/lang/Object;)Ljava/lang/Object;+5
j  java.lang.reflect.Constructor.newInstance([Ljava/lang/Object;)Ljava/lang/Object;+79
j  com.sun.javafx.application.LauncherImpl.lambda$launchApplication1$161(Ljava/lang/Class;Ljava/util/concurrent/atomic/AtomicReference;[Ljava/lang/String;)V+15
j  com.sun.javafx.application.LauncherImpl$$Lambda$52.run()V+12
j  com.sun.javafx.application.PlatformImpl.lambda$runAndWait$175(Ljava/lang/Runnable;Ljava/util/concurrent/CountDownLatch;)V+1
j  com.sun.javafx.application.PlatformImpl$$Lambda$47.run()V+8
j  com.sun.javafx.application.PlatformImpl.lambda$null$173(Ljava/lang/Runnable;)Ljava/lang/Void;+1
j  com.sun.javafx.application.PlatformImpl$$Lambda$49.run()Ljava/lang/Object;+4
v  ~StubRoutines::call_stub
V  [libjvm.dylib+0x2ed9d6]  JavaCalls::call_helper(JavaValue*, methodHandle*, JavaCallArguments*, Thread*)+0x6ae
V  [libjvm.dylib+0x34e114]  JVM_DoPrivileged+0x4b8
j  java.security.AccessController.doPrivileged(Ljava/security/PrivilegedAction;Ljava/security/AccessControlContext;)Ljava/lang/Object;+0
j  com.sun.javafx.application.PlatformImpl.lambda$runLater$174(Ljava/lang/Runnable;Ljava/security/AccessControlContext;)V+7
j  com.sun.javafx.application.PlatformImpl$$Lambda$48.run()V+8
j  com.sun.glass.ui.InvokeLaterDispatcher$Future.run()V+4
v  ~StubRoutines::call_stub
V  [libjvm.dylib+0x2ed9d6]  JavaCalls::call_helper(JavaValue*, methodHandle*, JavaCallArguments*, Thread*)+0x6ae
V  [libjvm.dylib+0x324b65]  jni_invoke_nonstatic(JNIEnv_*, JavaValue*, _jobject*, JNICallType, _jmethodID*, JNI_ArgumentPusher*, Thread*)+0x2ec
V  [libjvm.dylib+0x317333]  jni_CallVoidMethod+0x16b
C  [libglass.dylib+0x456b]  -[GlassRunnable run]+0x6b
C  [Foundation+0x717ba]  __NSThreadPerformPerform+0x146
C  [CoreFoundation+0xa7321]  __CFRUNLOOP_IS_CALLING_OUT_TO_A_SOURCE0_PERFORM_FUNCTION__+0x11
C  [CoreFoundation+0x8821d]  __CFRunLoopDoSources0+0x22d
C  [CoreFoundation+0x87716]  __CFRunLoopRun+0x3a6
C  [CoreFoundation+0x87114]  CFRunLoopRunSpecific+0x1a4
C  [HIToolbox+0x30ebc]  RunCurrentEventLoopInMode+0xf0
C  [HIToolbox+0x30bf9]  ReceiveNextEventCommon+0xb8
C  [HIToolbox+0x30b26]  _BlockUntilNextEventMatchingListInModeWithFilter+0x47
C  [AppKit+0x46a54]  _DPSNextEvent+0x460
C  [AppKit+0x7c27ee]  -[NSApplication(NSEvent) _nextEventMatchingEventMask:untilDate:inMode:dequeue:]+0xaec
C  [AppKit+0x29d0b6]  -[NSApplication _doModalLoop:peek:]+0x1f1
C  [AppKit+0x47d374]  __35-[NSApplication runModalForWindow:]_block_invoke+0x40
C  [AppKit+0x29ab98]  -[NSApplication runModalForWindow:]+0x89
C  [AppKit+0x46d23d]  __19-[NSAlert runModal]_block_invoke+0x9e
C  [AppKit+0x31311c]  -[NSAlert runModal]+0x7d
C  [AppKit+0x340aac]  __55-[NSPersistentUIRestorer promptToIgnorePersistentState]_block_invoke+0x3fe
C  [AppKit+0x340671]  -[NSApplication _suppressFinishLaunchingFromEventHandlersWhilePerformingBlock:]+0x1c
C  [AppKit+0x340612]  -[NSPersistentUIRestorer promptToIgnorePersistentState]+0xed
C  [AppKit+0x4b9d7]  -[NSApplication _reopenWindowsAsNecessaryIncludingRestorableState:completionHandler:]+0xb5
C  [AppKit+0x4b80c]  -[NSApplication(NSAppleEventHandling) _handleAEOpenEvent:]+0x21b
C  [AppKit+0x4b46b]  -[NSApplication(NSAppleEventHandling) _handleCoreEvent:withReplyEvent:]+0x295
C  [Foundation+0x51d8d]  -[NSAppleEventManager dispatchRawAppleEvent:withRawReply:handlerRefCon:]+0x122
C  [Foundation+0x51c07]  _NSAppleEventManagerGenericHandler+0x66
C  [AE+0x7f26]  aeDispatchAppleEvent(AEDesc const*, AEDesc*, unsigned int, unsigned char*)+0x220
C  [AE+0x7c9d]  dispatchEventAndSendReply(AEDesc const*, AEDesc*)+0x27
C  [AE+0x7ba9]  aeProcessAppleEvent+0x138
C  [HIToolbox+0x41ddf]  AEProcessAppleEvent+0x37
C  [AppKit+0x46d1d]  _DPSNextEvent+0x729
C  [AppKit+0x7c27ee]  -[NSApplication(NSEvent) _nextEventMatchingEventMask:untilDate:inMode:dequeue:]+0xaec
C  [AppKit+0x3b3db]  -[NSApplication run]+0x39e
C  [libglass.dylib+0x651c]  -[GlassApplication runLoop:]+0x72c
C  [Foundation+0x717ba]  __NSThreadPerformPerform+0x146
C  [CoreFoundation+0xa7321]  __CFRUNLOOP_IS_CALLING_OUT_TO_A_SOURCE0_PERFORM_FUNCTION__+0x11
C  [CoreFoundation+0x8821d]  __CFRunLoopDoSources0+0x22d
C  [CoreFoundation+0x87716]  __CFRunLoopRun+0x3a6
C  [CoreFoundation+0x87114]  CFRunLoopRunSpecific+0x1a4
C  [java+0x6465]  CreateExecutionEnvironment+0x367
C  [java+0x218c]  JLI_Launch+0x7a0
C  [java+0x84c2]  main+0x65
C  [java+0x19e4]  start+0x34
C  0x0000000000000006

Java frames: (J=compiled Java code, j=interpreted, Vv=VM code)
j  com.intel.bluetooth.BluetoothStackOSX.getLocalDeviceSupportedSoftwareVersion()I+0
j  com.intel.bluetooth.BluetoothStackOSX.initialize()V+101
j  com.intel.bluetooth.BlueCoveImpl.setBluetoothStack(Ljava/lang/String;Lcom/intel/bluetooth/BluetoothStack;)Lcom/intel/bluetooth/BluetoothStack;+290
j  com.intel.bluetooth.BlueCoveImpl.detectStack()Lcom/intel/bluetooth/BluetoothStack;+455
j  com.intel.bluetooth.BlueCoveImpl.access$500(Lcom/intel/bluetooth/BlueCoveImpl;)Lcom/intel/bluetooth/BluetoothStack;+1
j  com.intel.bluetooth.BlueCoveImpl$1.run()Ljava/lang/Object;+4
v  ~StubRoutines::call_stub
J 355  java.security.AccessController.doPrivileged(Ljava/security/PrivilegedExceptionAction;Ljava/security/AccessControlContext;)Ljava/lang/Object; (0 bytes) @ 0x0000000114284f23 [0x0000000114284ec0+0x63]
j  com.intel.bluetooth.BlueCoveImpl.detectStackPrivileged()Lcom/intel/bluetooth/BluetoothStack;+15
j  com.intel.bluetooth.BlueCoveImpl.getBluetoothStack()Lcom/intel/bluetooth/BluetoothStack;+63
j  com.intel.bluetooth.MicroeditionConnector.openImpl(Ljava/lang/String;IZZ)Ljavax/microedition/io/Connection;+140
j  com.intel.bluetooth.MicroeditionConnector.open(Ljava/lang/String;)Ljavax/microedition/io/Connection;+4
j  javax.microedition.io.Connector.open(Ljava/lang/String;)Ljavax/microedition/io/Connection;+6
j  com.veek.dmserver.SimpleSPPServer.<init>()V+54
j  com.veek.dmserver.Main.<init>()V+15
v  ~StubRoutines::call_stub
j  sun.reflect.NativeConstructorAccessorImpl.newInstance0(Ljava/lang/reflect/Constructor;[Ljava/lang/Object;)Ljava/lang/Object;+0
j  sun.reflect.NativeConstructorAccessorImpl.newInstance([Ljava/lang/Object;)Ljava/lang/Object;+85
j  sun.reflect.DelegatingConstructorAccessorImpl.newInstance([Ljava/lang/Object;)Ljava/lang/Object;+5
j  java.lang.reflect.Constructor.newInstance([Ljava/lang/Object;)Ljava/lang/Object;+79
j  com.sun.javafx.application.LauncherImpl.lambda$launchApplication1$161(Ljava/lang/Class;Ljava/util/concurrent/atomic/AtomicReference;[Ljava/lang/String;)V+15
j  com.sun.javafx.application.LauncherImpl$$Lambda$52.run()V+12
j  com.sun.javafx.application.PlatformImpl.lambda$runAndWait$175(Ljava/lang/Runnable;Ljava/util/concurrent/CountDownLatch;)V+1
j  com.sun.javafx.application.PlatformImpl$$Lambda$47.run()V+8
j  com.sun.javafx.application.PlatformImpl.lambda$null$173(Ljava/lang/Runnable;)Ljava/lang/Void;+1
j  com.sun.javafx.application.PlatformImpl$$Lambda$49.run()Ljava/lang/Object;+4
v  ~StubRoutines::call_stub
j  java.security.AccessController.doPrivileged(Ljava/security/PrivilegedAction;Ljava/security/AccessControlContext;)Ljava/lang/Object;+0
j  com.sun.javafx.application.PlatformImpl.lambda$runLater$174(Ljava/lang/Runnable;Ljava/security/AccessControlContext;)V+7
j  com.sun.javafx.application.PlatformImpl$$Lambda$48.run()V+8
j  com.sun.glass.ui.InvokeLaterDispatcher$Future.run()V+4
v  ~StubRoutines::call_stub

---------------  P R O C E S S  ---------------

Java Threads: ( => current thread )
  0x00007fdb20a19000 JavaThread "JavaFX-Launcher" [_thread_blocked, id=52775, stack(0x00007000083b1000,0x00007000084b1000)]
  0x00007fdb2111a000 JavaThread "Thread-3" daemon [_thread_in_native, id=37379, stack(0x00007000082ab000,0x000070000832b000)]
=>0x00007fdb209c4000 JavaThread "JavaFX Application Thread" [_thread_in_native, id=775, stack(0x00007fff51605000,0x00007fff51e05000)]
  0x00007fdb220a5000 JavaThread "Thread-1" daemon [_thread_blocked, id=25607, stack(0x00007000081a8000,0x00007000082a8000)]
  0x00007fdb218f8000 JavaThread "QuantumRenderer-0" daemon [_thread_blocked, id=20227, stack(0x00007000080a5000,0x00007000081a5000)]
  0x00007fdb21852000 JavaThread "Service Thread" daemon [_thread_blocked, id=19203, stack(0x0000700007e9f000,0x0000700007f9f000)]
  0x00007fdb208ba000 JavaThread "C1 CompilerThread2" daemon [_thread_blocked, id=18691, stack(0x0000700007d9c000,0x0000700007e9c000)]
  0x00007fdb2184e800 JavaThread "C2 CompilerThread1" daemon [_thread_blocked, id=18179, stack(0x0000700007c99000,0x0000700007d99000)]
  0x00007fdb21844000 JavaThread "C2 CompilerThread0" daemon [_thread_blocked, id=17667, stack(0x0000700007b96000,0x0000700007c96000)]
  0x00007fdb2184d000 JavaThread "Monitor Ctrl-Break" daemon [_thread_in_native, id=17155, stack(0x0000700007a93000,0x0000700007b93000)]
  0x00007fdb2080b000 JavaThread "Signal Dispatcher" daemon [_thread_blocked, id=16643, stack(0x0000700007990000,0x0000700007a90000)]
  0x00007fdb2201f800 JavaThread "Finalizer" daemon [_thread_blocked, id=12547, stack(0x000070000788d000,0x000070000798d000)]
  0x00007fdb2102d800 JavaThread "Reference Handler" daemon [_thread_blocked, id=12035, stack(0x000070000778a000,0x000070000788a000)]
  0x00007fdb2080d800 JavaThread "main" [_thread_blocked, id=7171, stack(0x0000700007178000,0x0000700007278000)]

Other Threads:
  0x00007fdb2102d000 VMThread [stack: 0x0000700007687000,0x0000700007787000] [id=11523]
  0x00007fdb2181b000 WatcherThread [stack: 0x0000700007fa2000,0x00007000080a2000] [id=19715]

VM state:not at safepoint (normal execution)

VM Mutex/Monitor currently owned by a thread: None

Heap:
 PSYoungGen      total 38400K, used 16143K [0x0000000795580000, 0x0000000798000000, 0x00000007c0000000)
  eden space 33280K, 48% used [0x0000000795580000,0x0000000796543ce8,0x0000000797600000)
  from space 5120K, 0% used [0x0000000797b00000,0x0000000797b00000,0x0000000798000000)
  to   space 5120K, 0% used [0x0000000797600000,0x0000000797600000,0x0000000797b00000)
 ParOldGen       total 87552K, used 0K [0x0000000740000000, 0x0000000745580000, 0x0000000795580000)
  object space 87552K, 0% used [0x0000000740000000,0x0000000740000000,0x0000000745580000)
 Metaspace       used 7226K, capacity 7512K, committed 7680K, reserved 1056768K
  class space    used 808K, capacity 930K, committed 1024K, reserved 1048576K

Card table byte_map: [0x000000010fb62000,0x000000010ff63000] byte_map_base: 0x000000010c162000

Marking Bits: (ParMarkBitMap*) 0x000000010f0f0d30
 Begin Bits: [0x00000001230c0000, 0x00000001250c0000)
 End Bits:   [0x00000001250c0000, 0x00000001270c0000)

Polling page: 0x000000010dec1000

CodeCache: size=245760Kb used=2060Kb max_used=2060Kb free=243699Kb
 bounds [0x00000001140c0000, 0x0000000114330000, 0x00000001230c0000]
 total_blobs=836 nmethods=452 adapters=298
 compilation: enabled

Compilation events (10 events):
Event: 0.940 Thread 0x00007fdb208ba000 nmethod 446 0x00000001142bf010 code [0x00000001142bf1a0, 0x00000001142bf488]
Event: 0.945 Thread 0x00007fdb208ba000  447       3       sun.misc.URLClassPath$JarLoader::findResource (18 bytes)
Event: 0.945 Thread 0x00007fdb208ba000 nmethod 447 0x00000001142bffd0 code [0x00000001142c0160, 0x00000001142c03f8]
Event: 0.951 Thread 0x00007fdb208ba000  448   !   3       java.util.zip.Inflater::inflate (113 bytes)
Event: 0.953 Thread 0x00007fdb208ba000 nmethod 448 0x00000001142c0850 code [0x00000001142c0a20, 0x00000001142c1098]
Event: 0.953 Thread 0x00007fdb208ba000  450   !   3       java.util.zip.InflaterInputStream::read (138 bytes)
Event: 0.957 Thread 0x00007fdb208ba000 nmethod 450 0x00000001142c1410 code [0x00000001142c16a0, 0x00000001142c27a8]
Event: 0.957 Thread 0x00007fdb208ba000  451       3       java.util.zip.InflaterInputStream::ensureOpen (18 bytes)
Event: 0.957 Thread 0x00007fdb208ba000 nmethod 451 0x00000001142c3090 code [0x00000001142c3200, 0x00000001142c3448]
Event: 0.957 Thread 0x00007fdb208ba000  452       1       java.io.File::getPrefixLength (5 bytes)

GC Heap History (0 events):
No events

Deoptimization events (2 events):
Event: 0.753 Thread 0x00007fdb209c4000 Uncommon trap: reason=unstable_if action=reinterpret pc=0x000000011426bd7c method=java.lang.String.replace(CC)Ljava/lang/String; @ 2
Event: 0.928 Thread 0x00007fdb209c4000 Uncommon trap: reason=unstable_if action=reinterpret pc=0x000000011428f88c method=java.lang.String.indexOf([CII[CIII)I @ 134

Internal exceptions (10 events):
Event: 0.042 Thread 0x00007fdb2080d800 Exception <a 'java/lang/NoSuchMethodError': Method sun.misc.Unsafe.prefetchRead(Ljava/lang/Object;J)V name or signature does not match> (0x0000000795587f90) thrown at [/Users/java_re/workspace/8-2-build-macosx-x86_64/jdk8u121/8372/hotspot/src/share/vm/pri
Event: 0.316 Thread 0x00007fdb2080d800 Exception <a 'java/lang/NoSuchFieldError': method resolution failed> (0x00000007959a7b40) thrown at [/Users/java_re/workspace/8-2-build-macosx-x86_64/jdk8u121/8372/hotspot/src/share/vm/prims/methodHandles.cpp, line 1146]
Event: 0.321 Thread 0x00007fdb2080d800 Exception <a 'java/lang/NoSuchFieldError': method resolution failed> (0x00000007959b5760) thrown at [/Users/java_re/workspace/8-2-build-macosx-x86_64/jdk8u121/8372/hotspot/src/share/vm/prims/methodHandles.cpp, line 1146]
Event: 0.349 Thread 0x00007fdb2080d800 Exception <a 'java/security/PrivilegedActionException'> (0x0000000795a646a0) thrown at [/Users/java_re/workspace/8-2-build-macosx-x86_64/jdk8u121/8372/hotspot/src/share/vm/prims/jvm.cpp, line 1390]
Event: 0.349 Thread 0x00007fdb2080d800 Exception <a 'java/security/PrivilegedActionException'> (0x0000000795a648b0) thrown at [/Users/java_re/workspace/8-2-build-macosx-x86_64/jdk8u121/8372/hotspot/src/share/vm/prims/jvm.cpp, line 1390]
Event: 0.350 Thread 0x00007fdb2080d800 Exception <a 'java/security/PrivilegedActionException'> (0x0000000795a67be0) thrown at [/Users/java_re/workspace/8-2-build-macosx-x86_64/jdk8u121/8372/hotspot/src/share/vm/prims/jvm.cpp, line 1390]
Event: 0.350 Thread 0x00007fdb2080d800 Exception <a 'java/security/PrivilegedActionException'> (0x0000000795a67df0) thrown at [/Users/java_re/workspace/8-2-build-macosx-x86_64/jdk8u121/8372/hotspot/src/share/vm/prims/jvm.cpp, line 1390]
Event: 0.350 Thread 0x00007fdb2080d800 Exception <a 'java/lang/NullPointerException'> (0x0000000795a68a10) thrown at [/Users/java_re/workspace/8-2-build-macosx-x86_64/jdk8u121/8372/hotspot/src/share/vm/interpreter/linkResolver.cpp, line 1178]
Event: 0.927 Thread 0x00007fdb209c4000 Exception <a 'java/lang/NoClassDefFoundError': org/apache/log4j/Category> (0x00000007964c92a8) thrown at [/Users/java_re/workspace/8-2-build-macosx-x86_64/jdk8u121/8372/hotspot/src/share/vm/classfile/systemDictionary.cpp, line 199]
Event: 0.943 Thread 0x00007fdb209c4000 Exception <a 'java/lang/UnsatisfiedLinkError': com.intel.bluetooth.BluetoothStackOSX.isNativeCodeLoaded()Z> (0x0000000796525f58) thrown at [/Users/java_re/workspace/8-2-build-macosx-x86_64/jdk8u121/8372/hotspot/src/share/vm/prims/nativeLookup.cpp, line 37

Events (10 events):
Event: 0.947 loading class sun/net/www/protocol/jar/URLJarFile$URLJarFileEntry
Event: 0.947 loading class sun/net/www/protocol/jar/URLJarFile$URLJarFileEntry done
Event: 0.947 loading class sun/net/www/protocol/jar/JarURLConnection$JarURLInputStream
Event: 0.947 loading class sun/net/www/protocol/jar/JarURLConnection$JarURLInputStream done
Event: 0.948 loading class java/io/DeleteOnExitHook
Event: 0.948 loading class java/io/DeleteOnExitHook done
Event: 0.949 loading class java/util/LinkedHashSet
Event: 0.949 loading class java/util/LinkedHashSet done
Event: 0.949 loading class java/io/DeleteOnExitHook$1
Event: 0.949 loading class java/io/DeleteOnExitHook$1 done


Dynamic libraries:
0x00000000026b3000 	/System/Library/Frameworks/Cocoa.framework/Versions/A/Cocoa
0x00000000026b3000 	/System/Library/Frameworks/Security.framework/Versions/A/Security
0x00000000026b3000 	/System/Library/Frameworks/ApplicationServices.framework/Versions/A/ApplicationServices
0x00000000026b3000 	/usr/lib/libz.1.dylib
0x00000000026b3000 	/usr/lib/libSystem.B.dylib
0x00000000026b3000 	/usr/lib/libobjc.A.dylib
0x00000000026b3000 	/System/Library/Frameworks/CoreFoundation.framework/Versions/A/CoreFoundation
0x00000000026b3000 	/System/Library/Frameworks/Foundation.framework/Versions/C/Foundation
0x00000000026b3000 	/System/Library/Frameworks/AppKit.framework/Versions/C/AppKit
0x00000000026b3000 	/System/Library/Frameworks/CoreData.framework/Versions/A/CoreData
0x00000000026b3000 	/System/Library/PrivateFrameworks/RemoteViewServices.framework/Versions/A/RemoteViewServices
0x00000000026b3000 	/System/Library/PrivateFrameworks/UIFoundation.framework/Versions/A/UIFoundation
0x00000000026b3000 	/System/Library/PrivateFrameworks/DFRFoundation.framework/Versions/A/DFRFoundation
0x00000000026b3000 	/usr/lib/libenergytrace.dylib
0x00000000026b3000 	/System/Library/PrivateFrameworks/SkyLight.framework/Versions/A/SkyLight
0x00000000026b3000 	/System/Library/Frameworks/CoreGraphics.framework/Versions/A/CoreGraphics
0x00000000026b3000 	/usr/lib/libScreenReader.dylib
0x00000000026b3000 	/System/Library/Frameworks/Accelerate.framework/Versions/A/Accelerate
0x00000000026b3000 	/System/Library/Frameworks/IOSurface.framework/Versions/A/IOSurface
0x00000000026b3000 	/System/Library/Frameworks/AudioToolbox.framework/Versions/A/AudioToolbox
0x00000000026b3000 	/System/Library/Frameworks/AudioUnit.framework/Versions/A/AudioUnit
0x00000000026b3000 	/System/Library/PrivateFrameworks/DataDetectorsCore.framework/Versions/A/DataDetectorsCore
0x00000000026b3000 	/System/Library/PrivateFrameworks/DesktopServicesPriv.framework/Versions/A/DesktopServicesPriv
0x00000000026b3000 	/System/Library/Frameworks/Carbon.framework/Versions/A/Frameworks/HIToolbox.framework/Versions/A/HIToolbox
0x00000000026b3000 	/usr/lib/libicucore.A.dylib
0x00000000026b3000 	/System/Library/Frameworks/QuartzCore.framework/Versions/A/QuartzCore
0x00000000026b3000 	/System/Library/Frameworks/Carbon.framework/Versions/A/Frameworks/SpeechRecognition.framework/Versions/A/SpeechRecognition
0x00000000026b3000 	/usr/lib/libauto.dylib
0x00000000026b3000 	/usr/lib/libxml2.2.dylib
0x00000000026b3000 	/System/Library/PrivateFrameworks/CoreUI.framework/Versions/A/CoreUI
0x00000000026b3000 	/System/Library/Frameworks/CoreAudio.framework/Versions/A/CoreAudio
0x00000000026b3000 	/System/Library/Frameworks/DiskArbitration.framework/Versions/A/DiskArbitration
0x00000000026b3000 	/usr/lib/liblangid.dylib
0x00000000026b3000 	/System/Library/PrivateFrameworks/MultitouchSupport.framework/Versions/A/MultitouchSupport
0x00000000026b3000 	/System/Library/Frameworks/IOKit.framework/Versions/A/IOKit
0x00000000026b3000 	/usr/lib/libDiagnosticMessagesClient.dylib
0x00000000026b3000 	/System/Library/Frameworks/CoreServices.framework/Versions/A/CoreServices
0x00000000026b3000 	/System/Library/PrivateFrameworks/PerformanceAnalysis.framework/Versions/A/PerformanceAnalysis
0x00000000026b3000 	/System/Library/PrivateFrameworks/GenerationalStorage.framework/Versions/A/GenerationalStorage
0x00000000026b3000 	/System/Library/Frameworks/OpenGL.framework/Versions/A/OpenGL
0x00000000026b3000 	/System/Library/Frameworks/CoreImage.framework/Versions/A/CoreImage
0x00000000026b3000 	/System/Library/Frameworks/CoreText.framework/Versions/A/CoreText
0x00000000026b3000 	/System/Library/Frameworks/ImageIO.framework/Versions/A/ImageIO
0x00000000026b3000 	/System/Library/PrivateFrameworks/Backup.framework/Versions/A/Backup
0x00000000026b3000 	/usr/lib/libarchive.2.dylib
0x00000000026b3000 	/System/Library/Frameworks/CFNetwork.framework/Versions/A/CFNetwork
0x00000000026b3000 	/System/Library/Frameworks/SystemConfiguration.framework/Versions/A/SystemConfiguration
0x00000000026b3000 	/usr/lib/libCRFSuite.dylib
0x00000000026b3000 	/usr/lib/libc++.1.dylib
0x00000000026b3000 	/usr/lib/libc++abi.dylib
0x00000000026b3000 	/usr/lib/system/libcache.dylib
0x00000000026b3000 	/usr/lib/system/libcommonCrypto.dylib
0x00000000026b3000 	/usr/lib/system/libcompiler_rt.dylib
0x00000000026b3000 	/usr/lib/system/libcopyfile.dylib
0x00000000026b3000 	/usr/lib/system/libcorecrypto.dylib
0x00000000026b3000 	/usr/lib/system/libdispatch.dylib
0x00000000026b3000 	/usr/lib/system/libdyld.dylib
0x00000000026b3000 	/usr/lib/system/libkeymgr.dylib
0x00000000026b3000 	/usr/lib/system/liblaunch.dylib
0x00000000026b3000 	/usr/lib/system/libmacho.dylib
0x00000000026b3000 	/usr/lib/system/libquarantine.dylib
0x00000000026b3000 	/usr/lib/system/libremovefile.dylib
0x00000000026b3000 	/usr/lib/system/libsystem_asl.dylib
0x00000000026b3000 	/usr/lib/system/libsystem_blocks.dylib
0x00000000026b3000 	/usr/lib/system/libsystem_c.dylib
0x00000000026b3000 	/usr/lib/system/libsystem_configuration.dylib
0x00000000026b3000 	/usr/lib/system/libsystem_coreservices.dylib
0x00000000026b3000 	/usr/lib/system/libsystem_coretls.dylib
0x00000000026b3000 	/usr/lib/system/libsystem_dnssd.dylib
0x00000000026b3000 	/usr/lib/system/libsystem_info.dylib
0x00000000026b3000 	/usr/lib/system/libsystem_kernel.dylib
0x00000000026b3000 	/usr/lib/system/libsystem_m.dylib
0x00000000026b3000 	/usr/lib/system/libsystem_malloc.dylib
0x00000000026b3000 	/usr/lib/system/libsystem_network.dylib
0x00000000026b3000 	/usr/lib/system/libsystem_networkextension.dylib
0x00000000026b3000 	/usr/lib/system/libsystem_notify.dylib
0x00000000026b3000 	/usr/lib/system/libsystem_platform.dylib
0x00000000026b3000 	/usr/lib/system/libsystem_pthread.dylib
0x00000000026b3000 	/usr/lib/system/libsystem_sandbox.dylib
0x00000000026b3000 	/usr/lib/system/libsystem_secinit.dylib
0x00000000026b3000 	/usr/lib/system/libsystem_symptoms.dylib
0x00000000026b3000 	/usr/lib/system/libsystem_trace.dylib
0x00000000026b3000 	/usr/lib/system/libunwind.dylib
0x00000000026b3000 	/usr/lib/system/libxpc.dylib
0x00000000026b3000 	/usr/lib/libbsm.0.dylib
0x00000000026b3000 	/usr/lib/system/libkxld.dylib
0x00000000026b3000 	/usr/lib/libcoretls.dylib
0x00000000026b3000 	/usr/lib/libcoretls_cfhelpers.dylib
0x00000000026b3000 	/usr/lib/libOpenScriptingUtil.dylib
0x00000000026b3000 	/usr/lib/libpam.2.dylib
0x00000000026b3000 	/usr/lib/libsqlite3.dylib
0x00000000026b3000 	/usr/lib/libxar.1.dylib
0x00000000026b3000 	/usr/lib/libbz2.1.0.dylib
0x00000000026b3000 	/usr/lib/liblzma.5.dylib
0x00000000026b3000 	/usr/lib/libnetwork.dylib
0x00000000026b3000 	/usr/lib/libpcap.A.dylib
0x00000000026b3000 	/System/Library/Frameworks/CoreServices.framework/Versions/A/Frameworks/FSEvents.framework/Versions/A/FSEvents
0x00000000026b3000 	/System/Library/Frameworks/CoreServices.framework/Versions/A/Frameworks/CarbonCore.framework/Versions/A/CarbonCore
0x00000000026b3000 	/System/Library/Frameworks/CoreServices.framework/Versions/A/Frameworks/Metadata.framework/Versions/A/Metadata
0x00000000026b3000 	/System/Library/Frameworks/CoreServices.framework/Versions/A/Frameworks/OSServices.framework/Versions/A/OSServices
0x00000000026b3000 	/System/Library/Frameworks/CoreServices.framework/Versions/A/Frameworks/SearchKit.framework/Versions/A/SearchKit
0x00000000026b3000 	/System/Library/Frameworks/CoreServices.framework/Versions/A/Frameworks/AE.framework/Versions/A/AE
0x00000000026b3000 	/System/Library/Frameworks/CoreServices.framework/Versions/A/Frameworks/LaunchServices.framework/Versions/A/LaunchServices
0x00000000026b3000 	/System/Library/Frameworks/CoreServices.framework/Versions/A/Frameworks/DictionaryServices.framework/Versions/A/DictionaryServices
0x00000000026b3000 	/System/Library/Frameworks/CoreServices.framework/Versions/A/Frameworks/SharedFileList.framework/Versions/A/SharedFileList
0x00000000026b3000 	/System/Library/Frameworks/NetFS.framework/Versions/A/NetFS
0x00000000026b3000 	/System/Library/PrivateFrameworks/NetAuth.framework/Versions/A/NetAuth
0x00000000026b3000 	/System/Library/PrivateFrameworks/login.framework/Versions/A/Frameworks/loginsupport.framework/Versions/A/loginsupport
0x00000000026b3000 	/System/Library/PrivateFrameworks/TCC.framework/Versions/A/TCC
0x00000000026b3000 	/usr/lib/libmecabra.dylib
0x00000000026b3000 	/System/Library/Frameworks/ApplicationServices.framework/Versions/A/Frameworks/ATS.framework/Versions/A/ATS
0x00000000026b3000 	/System/Library/Frameworks/ApplicationServices.framework/Versions/A/Frameworks/ColorSync.framework/Versions/A/ColorSync
0x00000000026b3000 	/System/Library/Frameworks/ApplicationServices.framework/Versions/A/Frameworks/HIServices.framework/Versions/A/HIServices
0x00000000026b3000 	/System/Library/Frameworks/ApplicationServices.framework/Versions/A/Frameworks/LangAnalysis.framework/Versions/A/LangAnalysis
0x00000000026b3000 	/System/Library/Frameworks/ApplicationServices.framework/Versions/A/Frameworks/PrintCore.framework/Versions/A/PrintCore
0x00000000026b3000 	/System/Library/Frameworks/ApplicationServices.framework/Versions/A/Frameworks/QD.framework/Versions/A/QD
0x00000000026b3000 	/System/Library/Frameworks/ApplicationServices.framework/Versions/A/Frameworks/SpeechSynthesis.framework/Versions/A/SpeechSynthesis
0x00000000026b3000 	/System/Library/Frameworks/Accelerate.framework/Versions/A/Frameworks/vImage.framework/Versions/A/vImage
0x00000000026b3000 	/System/Library/Frameworks/Accelerate.framework/Versions/A/Frameworks/vecLib.framework/Versions/A/vecLib
0x00000000026b3000 	/System/Library/Frameworks/Accelerate.framework/Versions/A/Frameworks/vecLib.framework/Versions/A/libvDSP.dylib
0x00000000026b3000 	/System/Library/Frameworks/Accelerate.framework/Versions/A/Frameworks/vecLib.framework/Versions/A/libBNNS.dylib
0x00000000026b3000 	/System/Library/Frameworks/Accelerate.framework/Versions/A/Frameworks/vecLib.framework/Versions/A/libQuadrature.dylib
0x00000000026b3000 	/System/Library/Frameworks/Accelerate.framework/Versions/A/Frameworks/vecLib.framework/Versions/A/libvMisc.dylib
0x00000000026b3000 	/System/Library/Frameworks/Accelerate.framework/Versions/A/Frameworks/vecLib.framework/Versions/A/libLAPACK.dylib
0x00000000026b3000 	/System/Library/Frameworks/Accelerate.framework/Versions/A/Frameworks/vecLib.framework/Versions/A/libBLAS.dylib
0x00000000026b3000 	/System/Library/Frameworks/Accelerate.framework/Versions/A/Frameworks/vecLib.framework/Versions/A/libLinearAlgebra.dylib
0x00000000026b3000 	/System/Library/Frameworks/Accelerate.framework/Versions/A/Frameworks/vecLib.framework/Versions/A/libSparseBLAS.dylib
0x00000000026b3000 	/System/Library/Frameworks/ApplicationServices.framework/Versions/A/Frameworks/ATS.framework/Versions/A/Resources/libFontParser.dylib
0x00000000026b3000 	/System/Library/Frameworks/ApplicationServices.framework/Versions/A/Frameworks/ATS.framework/Versions/A/Resources/libFontRegistry.dylib
0x00000000026b3000 	/System/Library/Frameworks/ImageIO.framework/Versions/A/Resources/libJPEG.dylib
0x00000000026b3000 	/System/Library/Frameworks/ImageIO.framework/Versions/A/Resources/libTIFF.dylib
0x00000000026b3000 	/System/Library/Frameworks/ImageIO.framework/Versions/A/Resources/libPng.dylib
0x00000000026b3000 	/System/Library/Frameworks/ImageIO.framework/Versions/A/Resources/libGIF.dylib
0x00000000026b3000 	/System/Library/Frameworks/ImageIO.framework/Versions/A/Resources/libJP2.dylib
0x00000000026b3000 	/System/Library/Frameworks/ImageIO.framework/Versions/A/Resources/libRadiance.dylib
0x00000000026b3000 	/usr/lib/libcompression.dylib
0x00000000026b3000 	/System/Library/PrivateFrameworks/AppleJPEG.framework/Versions/A/AppleJPEG
0x00000000026b3000 	/usr/lib/libcups.2.dylib
0x00000000026b3000 	/System/Library/Frameworks/Kerberos.framework/Versions/A/Kerberos
0x00000000026b3000 	/System/Library/Frameworks/GSS.framework/Versions/A/GSS
0x00000000026b3000 	/usr/lib/libresolv.9.dylib
0x00000000026b3000 	/usr/lib/libiconv.2.dylib
0x00000000026b3000 	/System/Library/PrivateFrameworks/Heimdal.framework/Versions/A/Heimdal
0x00000000026b3000 	/usr/lib/libheimdal-asn1.dylib
0x00000000026b3000 	/System/Library/Frameworks/OpenDirectory.framework/Versions/A/OpenDirectory
0x00000000026b3000 	/System/Library/PrivateFrameworks/CommonAuth.framework/Versions/A/CommonAuth
0x00000000026b3000 	/System/Library/Frameworks/OpenDirectory.framework/Versions/A/Frameworks/CFOpenDirectory.framework/Versions/A/CFOpenDirectory
0x00000000026b3000 	/System/Library/Frameworks/SecurityFoundation.framework/Versions/A/SecurityFoundation
0x00000000026b3000 	/System/Library/PrivateFrameworks/LanguageModeling.framework/Versions/A/LanguageModeling
0x00000000026b3000 	/usr/lib/libmarisa.dylib
0x00000000026b3000 	/usr/lib/libChineseTokenizer.dylib
0x00000000026b3000 	/usr/lib/libcmph.dylib
0x00000000026b3000 	/System/Library/PrivateFrameworks/CoreEmoji.framework/Versions/A/CoreEmoji
0x00000000026b3000 	/System/Library/Frameworks/ServiceManagement.framework/Versions/A/ServiceManagement
0x00000000026b3000 	/usr/lib/libxslt.1.dylib
0x00000000026b3000 	/System/Library/Frameworks/Carbon.framework/Versions/A/Frameworks/Ink.framework/Versions/A/Ink
0x00000000026b3000 	/System/Library/PrivateFrameworks/TextureIO.framework/Versions/A/TextureIO
0x00000000026b3000 	/System/Library/Frameworks/Metal.framework/Versions/A/Metal
0x00000000026b3000 	/usr/lib/libate.dylib
0x00000000026b3000 	/System/Library/PrivateFrameworks/GPUCompiler.framework/libmetal_timestamp.dylib
0x00000000026b3000 	/System/Library/Frameworks/OpenGL.framework/Versions/A/Libraries/libCoreFSCache.dylib
0x00000000026b3000 	/System/Library/PrivateFrameworks/IOAccelerator.framework/Versions/A/IOAccelerator
0x00000000026b3000 	/System/Library/Frameworks/CoreVideo.framework/Versions/A/CoreVideo
0x00000000026b3000 	/usr/lib/libFosl_dynamic.dylib
0x00000000026b3000 	/System/Library/PrivateFrameworks/MetalPerformanceShaders.framework/Versions/A/MetalPerformanceShaders
0x00000000026b3000 	/System/Library/PrivateFrameworks/FaceCore.framework/Versions/A/FaceCore
0x00000000026b3000 	/System/Library/Frameworks/OpenCL.framework/Versions/A/OpenCL
0x00000000026b3000 	/System/Library/Frameworks/OpenGL.framework/Versions/A/Libraries/libGLU.dylib
0x00000000026b3000 	/System/Library/Frameworks/OpenGL.framework/Versions/A/Libraries/libGFXShared.dylib
0x00000000026b3000 	/System/Library/Frameworks/OpenGL.framework/Versions/A/Libraries/libGL.dylib
0x00000000026b3000 	/System/Library/Frameworks/OpenGL.framework/Versions/A/Libraries/libGLImage.dylib
0x00000000026b3000 	/System/Library/Frameworks/OpenGL.framework/Versions/A/Libraries/libCVMSPluginSupport.dylib
0x00000000026b3000 	/System/Library/Frameworks/OpenGL.framework/Versions/A/Libraries/libCoreVMClient.dylib
0x00000000026b3000 	/System/Library/PrivateFrameworks/CrashReporterSupport.framework/Versions/A/CrashReporterSupport
0x00000000026b3000 	/System/Library/PrivateFrameworks/Sharing.framework/Versions/A/Sharing
0x00000000026b3000 	/System/Library/PrivateFrameworks/IconServices.framework/Versions/A/IconServices
0x00000000026b3000 	/System/Library/PrivateFrameworks/ProtocolBuffer.framework/Versions/A/ProtocolBuffer
0x00000000026b3000 	/System/Library/PrivateFrameworks/Apple80211.framework/Versions/A/Apple80211
0x00000000026b3000 	/System/Library/Frameworks/CoreWLAN.framework/Versions/A/CoreWLAN
0x00000000026b3000 	/System/Library/PrivateFrameworks/CoreUtils.framework/Versions/A/CoreUtils
0x00000000026b3000 	/System/Library/Frameworks/IOBluetooth.framework/Versions/A/IOBluetooth
0x00000000026b3000 	/System/Library/PrivateFrameworks/CoreWiFi.framework/Versions/A/CoreWiFi
0x00000000026b3000 	/System/Library/Frameworks/CoreBluetooth.framework/Versions/A/CoreBluetooth
0x00000000026b3000 	/System/Library/Frameworks/CoreDisplay.framework/Versions/A/CoreDisplay
0x00000000026b3000 	/System/Library/PrivateFrameworks/IOPresentment.framework/Versions/A/IOPresentment
0x00000000026b3000 	/System/Library/PrivateFrameworks/DSExternalDisplay.framework/Versions/A/DSExternalDisplay
0x00000000026b3000 	/System/Library/PrivateFrameworks/DebugSymbols.framework/Versions/A/DebugSymbols
0x00000000026b3000 	/System/Library/PrivateFrameworks/CoreSymbolication.framework/Versions/A/CoreSymbolication
0x00000000026b3000 	/System/Library/PrivateFrameworks/Symbolication.framework/Versions/A/Symbolication
0x00000000026b3000 	/System/Library/PrivateFrameworks/AppleFSCompression.framework/Versions/A/AppleFSCompression
0x00000000026b3000 	/System/Library/PrivateFrameworks/SpeechRecognitionCore.framework/Versions/A/SpeechRecognitionCore
0x00000000026b3000 	/System/Library/PrivateFrameworks/ChunkingLibrary.framework/Versions/A/ChunkingLibrary
0x0000000053b48000 	/System/Library/CoreServices/Encodings/libCyrillicConverter.dylib
0x000000010e800000 	/Library/Java/JavaVirtualMachines/jdk1.8.0_121.jdk/Contents/Home/jre/lib/server/libjvm.dylib
0x00000000026b3000 	/usr/lib/libstdc++.6.dylib
0x000000010de7e000 	/Library/Java/JavaVirtualMachines/jdk1.8.0_121.jdk/Contents/Home/jre/lib/libverify.dylib
0x000000010de8c000 	/Library/Java/JavaVirtualMachines/jdk1.8.0_121.jdk/Contents/Home/jre/lib/libjava.dylib
0x000000010dec2000 	/Library/Java/JavaVirtualMachines/jdk1.8.0_121.jdk/Contents/Home/jre/lib/libinstrument.dylib
0x000000010df20000 	/Library/Java/JavaVirtualMachines/jdk1.8.0_121.jdk/Contents/Home/jre/lib/libzip.dylib
0x0000000112009000 	/System/Library/Frameworks/JavaVM.framework/Frameworks/JavaRuntimeSupport.framework/JavaRuntimeSupport
0x0000000112023000 	/System/Library/Frameworks/JavaVM.framework/Versions/A/Frameworks/JavaNativeFoundation.framework/Versions/A/JavaNativeFoundation
0x0000000112038000 	/System/Library/Frameworks/JavaVM.framework/Versions/A/JavaVM
0x00000000026b3000 	/System/Library/Frameworks/Carbon.framework/Versions/A/Carbon
0x0000000112045000 	/System/Library/PrivateFrameworks/JavaLaunching.framework/Versions/A/JavaLaunching
0x00000000026b3000 	/System/Library/Frameworks/Carbon.framework/Versions/A/Frameworks/CommonPanels.framework/Versions/A/CommonPanels
0x00000000026b3000 	/System/Library/Frameworks/Carbon.framework/Versions/A/Frameworks/Help.framework/Versions/A/Help
0x00000000026b3000 	/System/Library/Frameworks/Carbon.framework/Versions/A/Frameworks/ImageCapture.framework/Versions/A/ImageCapture
0x00000000026b3000 	/System/Library/Frameworks/Carbon.framework/Versions/A/Frameworks/OpenScripting.framework/Versions/A/OpenScripting
0x00000000026b3000 	/System/Library/Frameworks/Carbon.framework/Versions/A/Frameworks/Print.framework/Versions/A/Print
0x00000000026b3000 	/System/Library/Frameworks/Carbon.framework/Versions/A/Frameworks/SecurityHI.framework/Versions/A/SecurityHI
0x0000000113ab3000 	/Library/Java/JavaVirtualMachines/jdk1.8.0_121.jdk/Contents/Home/jre/lib/libnet.dylib
0x0000000113ba8000 	/Library/Java/JavaVirtualMachines/jdk1.8.0_121.jdk/Contents/Home/jre/lib/libprism_es2.dylib
0x0000000113c0e000 	/System/Library/Frameworks/OpenGL.framework/Resources/GLEngine.bundle/GLEngine
0x00000000026b3000 	/System/Library/Frameworks/OpenGL.framework/Versions/A/Libraries/libGLProgrammability.dylib
0x00000001270c0000 	/System/Library/Extensions/AppleIntelBDWGraphicsGLDriver.bundle/Contents/MacOS/AppleIntelBDWGraphicsGLDriver
0x00000000026b3000 	/System/Library/PrivateFrameworks/GPUSupport.framework/Versions/A/Libraries/libGPUSupportMercury.dylib
0x0000000113df6000 	/System/Library/Frameworks/OpenGL.framework/Resources//GLRendererFloat.bundle/GLRendererFloat
0x00000000026b3000 	/System/Library/Frameworks/OpenCL.framework/Versions/A/Libraries/libcldcpuengine.dylib
0x00000000026b3000 	/usr/lib/libcrypto.0.9.8.dylib
0x00000000026b3000 	/System/Library/PrivateFrameworks/TrustEvaluationAgent.framework/Versions/A/TrustEvaluationAgent
0x0000000127a0e000 	/Library/Java/JavaVirtualMachines/jdk1.8.0_121.jdk/Contents/Home/jre/lib/libglass.dylib
0x00000000026b3000 	/System/Library/PrivateFrameworks/CoreServicesInternal.framework/Versions/A/CoreServicesInternal
0x00000000026b3000 	/System/Library/CoreServices/RawCamera.bundle/Contents/MacOS/RawCamera
0x00000000026b3000 	/System/Library/Frameworks/Accelerate.framework/Versions/A/Frameworks/vImage.framework/Versions/A/Libraries/libCGInterfaces.dylib
0x00000000026b3000 	/System/Library/PrivateFrameworks/FamilyControls.framework/Versions/A/FamilyControls
0x00000000026b3000 	/System/Library/PrivateFrameworks/CommerceKit.framework/Versions/A/Frameworks/CommerceCore.framework/Versions/A/CommerceCore
0x00000000026b3000 	/System/Library/PrivateFrameworks/SystemAdministration.framework/Versions/A/SystemAdministration
0x00000000026b3000 	/System/Library/PrivateFrameworks/AppContainer.framework/Versions/A/AppContainer
0x00000000026b3000 	/System/Library/PrivateFrameworks/SecCodeWrapper.framework/Versions/A/SecCodeWrapper
0x00000000026b3000 	/System/Library/Frameworks/DirectoryService.framework/Versions/A/DirectoryService
0x00000000026b3000 	/System/Library/PrivateFrameworks/DiskImages.framework/Versions/A/DiskImages
0x00000000026b3000 	/System/Library/PrivateFrameworks/LoginUIKit.framework/Versions/A/Frameworks/LoginUICore.framework/Versions/A/LoginUICore
0x00000000026b3000 	/usr/lib/libCoreStorage.dylib
0x00000000026b3000 	/usr/lib/libcsfde.dylib
0x00000000026b3000 	/usr/lib/libodfde.dylib
0x00000000026b3000 	/System/Library/Frameworks/DiscRecording.framework/Versions/A/DiscRecording
0x00000000026b3000 	/usr/lib/libcurl.4.dylib
0x00000000026b3000 	/System/Library/PrivateFrameworks/MediaKit.framework/Versions/A/MediaKit
0x00000000026b3000 	/System/Library/PrivateFrameworks/ProtectedCloudStorage.framework/Versions/A/ProtectedCloudStorage
0x00000000026b3000 	/System/Library/PrivateFrameworks/EFILogin.framework/Versions/A/EFILogin
0x00000000026b3000 	/usr/lib/libutil.dylib
0x00000000026b3000 	/System/Library/Frameworks/LDAP.framework/Versions/A/LDAP
0x00000000026b3000 	/usr/lib/libsasl2.2.dylib
0x00000000026b3000 	/System/Library/PrivateFrameworks/CoreDaemon.framework/Versions/B/CoreDaemon
0x00000000026b3000 	/System/Library/PrivateFrameworks/AppleSRP.framework/Versions/A/AppleSRP
0x00000000026b3000 	/System/Library/PrivateFrameworks/APFS.framework/Versions/A/APFS
0x00000000026b3000 	/System/Library/Frameworks/ApplicationServices.framework/Versions/A/Frameworks/ATS.framework/Versions/A/Resources/libTrueTypeScaler.dylib
0x000000012c2c2000 	/System/Library/Extensions/AppleIntelBDWGraphicsMTLDriver.bundle/Contents/MacOS/AppleIntelBDWGraphicsMTLDriver
0x000000012ca09000 	/private/var/folders/ln/k65kzw8x3s39kqk_9k4tjpr80000gn/T/bluecove_veek_0/libbluecove.jnilib

VM Arguments:
jvm_args: -javaagent:/Applications/IntelliJ IDEA CE.app/Contents/lib/idea_rt.jar=60535:/Applications/IntelliJ IDEA CE.app/Contents/bin -Dfile.encoding=UTF-8 
java_command: com.veek.dmserver.Main
java_class_path (initial): /Library/Java/JavaVirtualMachines/jdk1.8.0_121.jdk/Contents/Home/jre/lib/charsets.jar:/Library/Java/JavaVirtualMachines/jdk1.8.0_121.jdk/Contents/Home/jre/lib/deploy.jar:/Library/Java/JavaVirtualMachines/jdk1.8.0_121.jdk/Contents/Home/jre/lib/ext/cldrdata.jar:/Library/Java/JavaVirtualMachines/jdk1.8.0_121.jdk/Contents/Home/jre/lib/ext/dnsns.jar:/Library/Java/JavaVirtualMachines/jdk1.8.0_121.jdk/Contents/Home/jre/lib/ext/jaccess.jar:/Library/Java/JavaVirtualMachines/jdk1.8.0_121.jdk/Contents/Home/jre/lib/ext/jfxrt.jar:/Library/Java/JavaVirtualMachines/jdk1.8.0_121.jdk/Contents/Home/jre/lib/ext/localedata.jar:/Library/Java/JavaVirtualMachines/jdk1.8.0_121.jdk/Contents/Home/jre/lib/ext/nashorn.jar:/Library/Java/JavaVirtualMachines/jdk1.8.0_121.jdk/Contents/Home/jre/lib/ext/sunec.jar:/Library/Java/JavaVirtualMachines/jdk1.8.0_121.jdk/Contents/Home/jre/lib/ext/sunjce_provider.jar:/Library/Java/JavaVirtualMachines/jdk1.8.0_121.jdk/Contents/Home/jre/lib/ext/sunpkcs11.jar:/Library/Java/JavaVirtualMachines/jdk1.8.0_121.jdk/Contents/Home/jre/lib/ext/zipfs.jar:/Library/Java/JavaVirtualMachines/jdk1.8.0_121.jdk/Contents/Home/jre/lib/javaws.jar:/Library/Java/JavaVirtualMachines/jdk1.8.0_121.jdk/Contents/Home/jre/lib/jce.jar:/Library/Java/JavaVirtualMachines/jdk1.8.0_121.jdk/Contents/Home/jre/lib/jfr.jar:/Library/Java/JavaVirtualMachines/jdk1.8.0_121.jdk/Contents/Home/jre/lib/jfxswt.jar:/Library/Java/JavaVirtualMachines/jdk1.8.0_121.jdk/Contents/Home/jre/lib/jsse.jar:/Library/Java/JavaVirtualMachines/jdk1.8.0_121.jdk/Contents/Home/jre/lib/management-agent.jar:/Library/Java/JavaVirtualMachines/jdk1.8.0_121.jdk/Contents/Home/jre/lib/plugin.jar:/Library/Java/JavaVirtualMachines/jdk1.8.0_121.jdk/Contents/Home/jre/lib/resources.jar:/Library/Java/JavaVirtualMachines/jdk1.8.0_121.jdk/Contents/Home/jre/lib/rt.jar:/Library/Java/JavaVirtualMachines/jdk1.8.0_121.jdk/Contents/Home/lib/ant-javafx.jar:/Library/Java/JavaVirtualMachines/jdk1.8.0_121.jdk/Contents/Home
Launcher Type: SUN_STANDARD

Environment Variables:
PATH=/usr/local/bin:/usr/bin:/bin:/usr/sbin:/sbin:/opt/X11/bin
SHELL=/usr/local/bin/fish
DISPLAY=/private/tmp/com.apple.launchd.1aEjjhSIYa/org.macosforge.xquartz:0

Signal Handlers:
SIGSEGV: [libjvm.dylib+0x5b1141], sa_mask[0]=11111111011111110111111111111111, sa_flags=SA_ONSTACK|SA_RESTART|SA_SIGINFO
SIGBUS: [libjvm.dylib+0x5b1141], sa_mask[0]=11111111011111110111111111111111, sa_flags=SA_RESTART|SA_SIGINFO
SIGFPE: [libjvm.dylib+0x487bc4], sa_mask[0]=11111111011111110111111111111111, sa_flags=SA_RESTART|SA_SIGINFO
SIGPIPE: [libjvm.dylib+0x487bc4], sa_mask[0]=11111111011111110111111111111111, sa_flags=SA_RESTART|SA_SIGINFO
SIGXFSZ: [libjvm.dylib+0x487bc4], sa_mask[0]=11111111011111110111111111111111, sa_flags=SA_RESTART|SA_SIGINFO
SIGILL: [libjvm.dylib+0x487bc4], sa_mask[0]=11111111011111110111111111111111, sa_flags=SA_RESTART|SA_SIGINFO
SIGUSR1: SIG_DFL, sa_mask[0]=00000000000000000000000000000000, sa_flags=none
SIGUSR2: [libjvm.dylib+0x4876e2], sa_mask[0]=00100000000000000000000000000000, sa_flags=SA_RESTART|SA_SIGINFO
SIGHUP: [libjvm.dylib+0x485cb9], sa_mask[0]=11111111011111110111111111111111, sa_flags=SA_RESTART|SA_SIGINFO
SIGINT: [libjvm.dylib+0x485cb9], sa_mask[0]=11111111011111110111111111111111, sa_flags=SA_RESTART|SA_SIGINFO
SIGTERM: [libjvm.dylib+0x485cb9], sa_mask[0]=11111111011111110111111111111111, sa_flags=SA_RESTART|SA_SIGINFO
SIGQUIT: [libjvm.dylib+0x485cb9], sa_mask[0]=11111111011111110111111111111111, sa_flags=SA_RESTART|SA_SIGINFO


---------------  S Y S T E M  ---------------

OS:Bsduname:Darwin 16.6.0 Darwin Kernel Version 16.6.0: Fri Apr 14 16:21:16 PDT 2017; root:xnu-3789.60.24~6/RELEASE_X86_64 x86_64
rlimit: STACK 8192k, CORE 0k, NPROC 709, NOFILE 10240, AS infinity
load average:5.33 3.96 3.69

CPU:total 4 (2 cores per cpu, 2 threads per core) family 6 model 61 stepping 4, cmov, cx8, fxsr, mmx, sse, sse2, sse3, ssse3, sse4.1, sse4.2, popcnt, avx, avx2, aes, clmul, erms, 3dnowpref, lzcnt, ht, tsc, tscinvbit, bmi1, bmi2, adx

Memory: 4k page, physical 8388608k(168924k free)

/proc/meminfo:


vm_info: Java HotSpot(TM) 64-Bit Server VM (25.121-b13) for bsd-amd64 JRE (1.8.0_121-b13), built on Dec 12 2016 20:39:32 by "java_re" with gcc 4.2.1 (Based on Apple Inc. build 5658) (LLVM build 2336.11.00)

time: Wed Jun 14 20:30:01 2017
elapsed time: 1 seconds (0d 0h 0m 1s)

