#
# A fatal error has been detected by the Java Runtime Environment:
#
#  SIGSEGV (0xb) at pc=0x000000011a373a4b, pid=3318, tid=0x0000000000000307
#
# JRE version: Java(TM) SE Runtime Environment (8.0_121-b13) (build 1.8.0_121-b13)
# Java VM: Java HotSpot(TM) 64-Bit Server VM (25.121-b13 mixed mode bsd-amd64 compressed oops)
# Problematic frame:
# C  [libbluecove.jnilib+0x8a4b]  -[RFCOMMChannelDelegate rfcommChannelWriteComplete:refcon:status:]+0x69
#
# Failed to write core dump. Core dumps have been disabled. To enable core dumping, try "ulimit -c unlimited" before starting Java again
#
# If you would like to submit a bug report, please visit:
#   http://bugreport.java.com/bugreport/crash.jsp
# The crash happened outside the Java Virtual Machine in native code.
# See problematic frame for where to report the bug.
#

---------------  T H R E A D  ---------------

Current thread (0x00007fed9f9a1000):  JavaThread "JavaFX Application Thread" [_thread_in_native, id=775, stack(0x00007fff53993000,0x00007fff54193000)]

siginfo: si_signo: 11 (SIGSEGV), si_code: 1 (SEGV_MAPERR), si_addr: 0x000070000852a35c

Registers:
RAX=0x00007feda0229c00, RBX=0x0000700008529808, RCX=0x0000700008529808, RDX=0x00007feda13bd010
RSP=0x00007fff5418dca0, RBP=0x00007fff5418dcd0, RSI=0x00007fff7a0415da, RDI=0x00007feda0229c00
R8 =0x0000000000000000, R9 =0x00007feda13bd010, R10=0x000000011a384f60, R11=0x00007feda394f070
R12=0x00007fed9ed459e0, R13=0x0000000000000008, R14=0x0000000000000000, R15=0x00007feda13bd010
RIP=0x000000011a373a4b, EFLAGS=0x0000000000010202, ERR=0x0000000000000006
  TRAPNO=0x000000000000000e

Top of Stack: (sp=0x00007fff5418dca0)
0x00007fff5418dca0:   00007feda13bd010 00007fff8cf92040
0x00007fff5418dcb0:   0000000000000040 00007feda13bd010
0x00007fff5418dcc0:   00007fff5418ef80 00007fff7a0415da
0x00007fff5418dcd0:   00007fff5418dd50 00007fff79fd7355
0x00007fff5418dce0:   00007fff5418dd10 00007fff8cfad27a
0x00007fff5418dcf0:   000000010ba8ca00 00007feda09b6350
0x00007fff5418dd00:   0000000000000a40 00007fff966ebec0
0x00007fff5418dd10:   00007fff5418dd50 00007fff8cf9a181
0x00007fff5418dd20:   00007fff5418ef80 00007feda13bd010
0x00007fff5418dd30:   00007fff5418ef80 00007feda13bd010
0x00007fff5418dd40:   00007fff5418ef80 00007fff8cf92040
0x00007fff5418dd50:   00007fff5418dd80 00007fff79fd6cab
0x00007fff5418dd60:   0000000000000001 00007fff769044f4
0x00007fff5418dd70:   00007fed9f9a5148 00007fff768241e6
0x00007fff5418dd80:   00007fff5418dde0 00007fff79b96efc
0x00007fff5418dd90:   0000000000000000 0000000000000040
0x00007fff5418dda0:   00007fff93129da0 00007fff93129da0
0x00007fff5418ddb0:   00007fff5418dde0 0000000000000000
0x00007fff5418ddc0:   00007feda1396460 00007feda1348760
0x00007fff5418ddd0:   00007feda13964c8 0000000000000000
0x00007fff5418dde0:   00007fff5418de30 00007fff78114213
0x00007fff5418ddf0:   0000000000000000 00007feda1348760
0x00007fff5418de00:   0000000000000040 00007fff5418ef58
0x00007fff5418de10:   00007feda13ea5c0 00007feda13ea5d8
0x00007fff5418de20:   00007fed9ee06260 00007fed9ee06170
0x00007fff5418de30:   00007fff5418de50 00007fff781140d9
0x00007fff5418de40:   0000000000000000 00007fff5418ef80
0x00007fff5418de50:   00007fff5418eec0 00007fff78114051
0x00007fff5418de60:   0000000000000040 00007fff5418ef58
0x00007fff5418de70:   00007fff5418e940 00007fed9f9a1000
0x00007fff5418de80:   00007feda15e4930 00000001127afb58
0x00007fff5418de90:   00000007a60045e0 00007fff5418e7e0 

Instructions: (pc=0x000000011a373a4b)
0x000000011a373a2b:   8b 04 2c 4c 39 b8 b0 00 01 00 74 0f 48 83 c4 08
0x000000011a373a3b:   5b 41 5c 41 5d 41 5e 41 5f 5d c3 48 85 db 74 1a
0x000000011a373a4b:   44 89 b3 54 0b 00 00 45 85 f6 74 07 c7 43 20 01
0x000000011a373a5b:   00 00 00 c6 83 40 0b 00 00 01 48 8b 78 38 48 83 

Register to memory mapping:

RAX=0x00007feda0229c00 is an unknown value
RBX=0x0000700008529808 is an unknown value
RCX=0x0000700008529808 is an unknown value
RDX=0x00007feda13bd010 is an unknown value
RSP=0x00007fff5418dca0 is pointing into the stack for thread: 0x00007fed9f9a1000
RBP=0x00007fff5418dcd0 is pointing into the stack for thread: 0x00007fed9f9a1000
RSI=0x00007fff7a0415da: kBasic_Imaging_Image_Pull_Profile_UUID_Size+0x42da in /System/Library/Frameworks/IOBluetooth.framework/Versions/A/IOBluetooth at 0x00007fff79fbf000
RDI=0x00007feda0229c00 is an unknown value
R8 =0x0000000000000000 is an unknown value
R9 =0x00007feda13bd010 is an unknown value
R10=0x000000011a384f60: OBJC_CLASS_$_RFCOMMChannelDelegate+0 in /private/var/folders/ln/k65kzw8x3s39kqk_9k4tjpr80000gn/T/bluecove_veek_0/libbluecove.jnilib at 0x000000011a36b000
R11=0x00007feda394f070 is an unknown value
R12=0x00007fed9ed459e0 is an unknown value
R13=0x0000000000000008 is an unknown value
R14=0x0000000000000000 is an unknown value
R15=0x00007feda13bd010 is an unknown value


Stack: [0x00007fff53993000,0x00007fff54193000],  sp=0x00007fff5418dca0,  free space=8171k
Native frames: (J=compiled Java code, j=interpreted, Vv=VM code, C=native code)
C  [libbluecove.jnilib+0x8a4b]  -[RFCOMMChannelDelegate rfcommChannelWriteComplete:refcon:status:]+0x69
C  [IOBluetooth+0x18355]  -[IOBluetoothRFCOMMChannel(IOBluetoothRFCOMMChannelPrivate) processIncomingData:]+0x33e
C  [IOBluetooth+0x17cab]  -[IOBluetoothRFCOMMChannel(IOBluetoothRFCOMMChannelPrivate) handleMachMessage:]+0x31
C  [Foundation+0x9aefc]  __NSFireMachPort+0x55
C  [CoreFoundation+0x90213]  __CFMachPortPerform+0x123
C  [CoreFoundation+0x900d9]  __CFRUNLOOP_IS_CALLING_OUT_TO_A_SOURCE1_PERFORM_FUNCTION__+0x29
C  [CoreFoundation+0x90051]  __CFRunLoopDoSource1+0x1d1
C  [CoreFoundation+0x87cc5]  __CFRunLoopRun+0x955
C  [CoreFoundation+0x87114]  CFRunLoopRunSpecific+0x1a4
C  [HIToolbox+0x30ebc]  RunCurrentEventLoopInMode+0xf0
C  [HIToolbox+0x30cf1]  ReceiveNextEventCommon+0x1b0
C  [HIToolbox+0x30b26]  _BlockUntilNextEventMatchingListInModeWithFilter+0x47
C  [AppKit+0x46a54]  _DPSNextEvent+0x460
C  [AppKit+0x7c27ee]  -[NSApplication(NSEvent) _nextEventMatchingEventMask:untilDate:inMode:dequeue:]+0xaec
C  [AppKit+0x3b3db]  -[NSApplication run]+0x39e
C  [libglass.dylib+0x651c]  -[GlassApplication runLoop:]+0x72c
C  [Foundation+0x717ba]  __NSThreadPerformPerform+0x146
C  [CoreFoundation+0xa7321]  __CFRUNLOOP_IS_CALLING_OUT_TO_A_SOURCE0_PERFORM_FUNCTION__+0x11
C  [CoreFoundation+0x8821d]  __CFRunLoopDoSources0+0x22d
C  [CoreFoundation+0x87716]  __CFRunLoopRun+0x3a6
C  [CoreFoundation+0x87114]  CFRunLoopRunSpecific+0x1a4
C  [java+0x6465]  CreateExecutionEnvironment+0x367
C  [java+0x218c]  JLI_Launch+0x7a0
C  [java+0x84c2]  main+0x65
C  [java+0x19e4]  start+0x34
C  0x0000000000000003


---------------  P R O C E S S  ---------------

Java Threads: ( => current thread )
  0x00007fed9f3a2000 JavaThread "Thread-6" [_thread_in_native, id=71535, stack(0x0000700008631000,0x0000700008731000)]
  0x00007feda0a57800 JavaThread "BluecoveAsynchronousShutdownThread" daemon [_thread_blocked, id=64959, stack(0x000070000852e000,0x000070000862e000)]
  0x00007fed9fb01800 JavaThread "Prism Font Disposer" daemon [_thread_blocked, id=57843, stack(0x00007000082a5000,0x00007000083a5000)]
  0x00007fed9f23d800 JavaThread "JavaFX-Launcher" [_thread_blocked, id=53291, stack(0x00007000081a2000,0x00007000082a2000)]
  0x00007fed9fa0c000 JavaThread "Thread-3" daemon [_thread_in_native, id=36867, stack(0x0000700008019000,0x0000700008099000)]
=>0x00007fed9f9a1000 JavaThread "JavaFX Application Thread" [_thread_in_native, id=775, stack(0x00007fff53993000,0x00007fff54193000)]
  0x00007feda00af800 JavaThread "Thread-1" daemon [_thread_blocked, id=25095, stack(0x0000700007f16000,0x0000700008016000)]
  0x00007fed9f8eb000 JavaThread "QuantumRenderer-0" daemon [_thread_blocked, id=19459, stack(0x0000700007e13000,0x0000700007f13000)]
  0x00007feda0052000 JavaThread "Service Thread" daemon [_thread_blocked, id=18435, stack(0x0000700007c0d000,0x0000700007d0d000)]
  0x00007fed9f863000 JavaThread "C1 CompilerThread2" daemon [_thread_blocked, id=17923, stack(0x0000700007b0a000,0x0000700007c0a000)]
  0x00007fed9f862800 JavaThread "C2 CompilerThread1" daemon [_thread_blocked, id=17411, stack(0x0000700007a07000,0x0000700007b07000)]
  0x00007fed9f860800 JavaThread "C2 CompilerThread0" daemon [_thread_blocked, id=16899, stack(0x0000700007904000,0x0000700007a04000)]
  0x00007fed9f841800 JavaThread "Signal Dispatcher" daemon [_thread_blocked, id=16387, stack(0x0000700007801000,0x0000700007901000)]
  0x00007fed9f00b000 JavaThread "Finalizer" daemon [_thread_blocked, id=12547, stack(0x00007000076fe000,0x00007000077fe000)]
  0x00007fed9f004800 JavaThread "Reference Handler" daemon [_thread_blocked, id=12035, stack(0x00007000075fb000,0x00007000076fb000)]
  0x00007fed9f807800 JavaThread "main" [_thread_blocked, id=7171, stack(0x0000700006fe9000,0x00007000070e9000)]

Other Threads:
  0x00007feda001e000 VMThread [stack: 0x00007000074f8000,0x00007000075f8000] [id=11523]
  0x00007feda0025000 WatcherThread [stack: 0x0000700007d10000,0x0000700007e10000] [id=18947]

VM state:not at safepoint (normal execution)

VM Mutex/Monitor currently owned by a thread: None

Heap:
 PSYoungGen      total 295424K, used 277828K [0x0000000795580000, 0x00000007a7f00000, 0x00000007c0000000)
  eden space 294400K, 94% used [0x0000000795580000,0x00000007a6410530,0x00000007a7500000)
  from space 1024K, 75% used [0x00000007a7d80000,0x00000007a7e40c20,0x00000007a7e80000)
  to   space 512K, 0% used [0x00000007a7e80000,0x00000007a7e80000,0x00000007a7f00000)
 ParOldGen       total 87552K, used 53460K [0x0000000740000000, 0x0000000745580000, 0x0000000795580000)
  object space 87552K, 61% used [0x0000000740000000,0x0000000743435240,0x0000000745580000)
 Metaspace       used 18293K, capacity 19212K, committed 19328K, reserved 1067008K
  class space    used 2393K, capacity 2585K, committed 2688K, reserved 1048576K

Card table byte_map: [0x000000010d762000,0x000000010db63000] byte_map_base: 0x0000000109d62000

Marking Bits: (ParMarkBitMap*) 0x000000010ccf0d30
 Begin Bits: [0x000000010de0e000, 0x000000010fe0e000)
 End Bits:   [0x000000010fe0e000, 0x0000000111e0e000)

Polling page: 0x000000010bb65000

CodeCache: size=245760Kb used=10793Kb max_used=10815Kb free=234966Kb
 bounds [0x000000011b78c000, 0x000000011c24c000, 0x000000012a78c000]
 total_blobs=3993 nmethods=3334 adapters=572
 compilation: enabled

Compilation events (10 events):
Event: 144,622 Thread 0x00007fed9f860800 3829   !   4       com.sun.javafx.text.PrismTextLayout::layout (1635 bytes)
Event: 144,626 Thread 0x00007fed9f863000 3830       3       com.sun.javafx.text.PrismTextLayout::getText (112 bytes)
Event: 144,627 Thread 0x00007fed9f863000 nmethod 3830 0x000000011bd4b550 code [0x000000011bd4b720, 0x000000011bd4bf68]
Event: 144,742 Thread 0x00007fed9f862800 3831       4       com.sun.javafx.text.TextRun::isBreak (16 bytes)
Event: 144,742 Thread 0x00007fed9f862800 nmethod 3831 0x000000011be85410 code [0x000000011be85560, 0x000000011be855d8]
Event: 144,792 Thread 0x00007fed9f862800 3832       4       javafx.scene.Node::invalidateBoundsInParent (15 bytes)
Event: 144,794 Thread 0x00007fed9f862800 nmethod 3832 0x000000011c06d250 code [0x000000011c06d3a0, 0x000000011c06d458]
Event: 144,933 Thread 0x00007fed9f862800 3833       4       com.sun.javafx.text.TextRun::shape (33 bytes)
Event: 144,933 Thread 0x00007fed9f862800 nmethod 3833 0x000000011bf2a450 code [0x000000011bf2a5a0, 0x000000011bf2a638]
Event: 145,147 Thread 0x00007fed9f860800 nmethod 3829 0x000000011c241610 code [0x000000011c241b00, 0x000000011c246448]

GC Heap History (10 events):
Event: 141,700 GC heap before
{Heap before GC invocations=229 (full 0):
 PSYoungGen      total 147456K, used 147399K [0x0000000795580000, 0x00000007a8000000, 0x00000007c0000000)
  eden space 146944K, 100% used [0x0000000795580000,0x000000079e500000,0x000000079e500000)
  from space 512K, 89% used [0x00000007a7f80000,0x00000007a7ff1f30,0x00000007a8000000)
  to   space 1024K, 0% used [0x00000007a7e00000,0x00000007a7e00000,0x00000007a7f00000)
 ParOldGen       total 87552K, used 53172K [0x0000000740000000, 0x0000000745580000, 0x0000000795580000)
  object space 87552K, 60% used [0x0000000740000000,0x00000007433ed240,0x0000000745580000)
 Metaspace       used 18293K, capacity 19212K, committed 19328K, reserved 1067008K
  class space    used 2393K, capacity 2585K, committed 2688K, reserved 1048576K
Event: 141,703 GC heap after
Heap after GC invocations=229 (full 0):
 PSYoungGen      total 142336K, used 576K [0x0000000795580000, 0x00000007a8000000, 0x00000007c0000000)
  eden space 141312K, 0% used [0x0000000795580000,0x0000000795580000,0x000000079df80000)
  from space 1024K, 56% used [0x00000007a7e00000,0x00000007a7e903a0,0x00000007a7f00000)
  to   space 1024K, 0% used [0x00000007a7f00000,0x00000007a7f00000,0x00000007a8000000)
 ParOldGen       total 87552K, used 53204K [0x0000000740000000, 0x0000000745580000, 0x0000000795580000)
  object space 87552K, 60% used [0x0000000740000000,0x00000007433f5240,0x0000000745580000)
 Metaspace       used 18293K, capacity 19212K, committed 19328K, reserved 1067008K
  class space    used 2393K, capacity 2585K, committed 2688K, reserved 1048576K
}
Event: 142,039 GC heap before
{Heap before GC invocations=230 (full 0):
 PSYoungGen      total 142336K, used 141888K [0x0000000795580000, 0x00000007a8000000, 0x00000007c0000000)
  eden space 141312K, 100% used [0x0000000795580000,0x000000079df80000,0x000000079df80000)
  from space 1024K, 56% used [0x00000007a7e00000,0x00000007a7e903a0,0x00000007a7f00000)
  to   space 1024K, 0% used [0x00000007a7f00000,0x00000007a7f00000,0x00000007a8000000)
 ParOldGen       total 87552K, used 53204K [0x0000000740000000, 0x0000000745580000, 0x0000000795580000)
  object space 87552K, 60% used [0x0000000740000000,0x00000007433f5240,0x0000000745580000)
 Metaspace       used 18293K, capacity 19212K, committed 19328K, reserved 1067008K
  class space    used 2393K, capacity 2585K, committed 2688K, reserved 1048576K
Event: 142,048 GC heap after
Heap after GC invocations=230 (full 0):
 PSYoungGen      total 170496K, used 457K [0x0000000795580000, 0x00000007a7f80000, 0x00000007c0000000)
  eden space 169984K, 0% used [0x0000000795580000,0x0000000795580000,0x000000079fb80000)
  from space 512K, 89% used [0x00000007a7f00000,0x00000007a7f72628,0x00000007a7f80000)
  to   space 1024K, 0% used [0x00000007a7d80000,0x00000007a7d80000,0x00000007a7e80000)
 ParOldGen       total 87552K, used 53236K [0x0000000740000000, 0x0000000745580000, 0x0000000795580000)
  object space 87552K, 60% used [0x0000000740000000,0x00000007433fd240,0x0000000745580000)
 Metaspace       used 18293K, capacity 19212K, committed 19328K, reserved 1067008K
  class space    used 2393K, capacity 2585K, committed 2688K, reserved 1048576K
}
Event: 143,010 GC heap before
{Heap before GC invocations=231 (full 0):
 PSYoungGen      total 170496K, used 170405K [0x0000000795580000, 0x00000007a7f80000, 0x00000007c0000000)
  eden space 169984K, 99% used [0x0000000795580000,0x000000079fb77190,0x000000079fb80000)
  from space 512K, 89% used [0x00000007a7f00000,0x00000007a7f72628,0x00000007a7f80000)
  to   space 1024K, 0% used [0x00000007a7d80000,0x00000007a7d80000,0x00000007a7e80000)
 ParOldGen       total 87552K, used 53236K [0x0000000740000000, 0x0000000745580000, 0x0000000795580000)
  object space 87552K, 60% used [0x0000000740000000,0x00000007433fd240,0x0000000745580000)
 Metaspace       used 18293K, capacity 19212K, committed 19328K, reserved 1067008K
  class space    used 2393K, capacity 2585K, committed 2688K, reserved 1048576K
Event: 143,099 GC heap after
Heap after GC invocations=231 (full 0):
 PSYoungGen      total 205312K, used 522K [0x0000000795580000, 0x00000007a7f80000, 0x00000007c0000000)
  eden space 204288K, 0% used [0x0000000795580000,0x0000000795580000,0x00000007a1d00000)
  from space 1024K, 51% used [0x00000007a7d80000,0x00000007a7e02a38,0x00000007a7e80000)
  to   space 1024K, 0% used [0x00000007a7e80000,0x00000007a7e80000,0x00000007a7f80000)
 ParOldGen       total 87552K, used 53276K [0x0000000740000000, 0x0000000745580000, 0x0000000795580000)
  object space 87552K, 60% used [0x0000000740000000,0x0000000743407240,0x0000000745580000)
 Metaspace       used 18293K, capacity 19212K, committed 19328K, reserved 1067008K
  class space    used 2393K, capacity 2585K, committed 2688K, reserved 1048576K
}
Event: 144,041 GC heap before
{Heap before GC invocations=232 (full 0):
 PSYoungGen      total 205312K, used 204810K [0x0000000795580000, 0x00000007a7f80000, 0x00000007c0000000)
  eden space 204288K, 100% used [0x0000000795580000,0x00000007a1d00000,0x00000007a1d00000)
  from space 1024K, 51% used [0x00000007a7d80000,0x00000007a7e02a38,0x00000007a7e80000)
  to   space 1024K, 0% used [0x00000007a7e80000,0x00000007a7e80000,0x00000007a7f80000)
 ParOldGen       total 87552K, used 53276K [0x0000000740000000, 0x0000000745580000, 0x0000000795580000)
  object space 87552K, 60% used [0x0000000740000000,0x0000000743407240,0x0000000745580000)
 Metaspace       used 18293K, capacity 19212K, committed 19328K, reserved 1067008K
  class space    used 2393K, capacity 2585K, committed 2688K, reserved 1048576K
Event: 144,048 GC heap after
Heap after GC invocations=232 (full 0):
 PSYoungGen      total 246272K, used 523K [0x0000000795580000, 0x00000007a7f80000, 0x00000007c0000000)
  eden space 245248K, 0% used [0x0000000795580000,0x0000000795580000,0x00000007a4500000)
  from space 1024K, 51% used [0x00000007a7e80000,0x00000007a7f02f18,0x00000007a7f80000)
  to   space 1024K, 0% used [0x00000007a7d80000,0x00000007a7d80000,0x00000007a7e80000)
 ParOldGen       total 87552K, used 53356K [0x0000000740000000, 0x0000000745580000, 0x0000000795580000)
  object space 87552K, 60% used [0x0000000740000000,0x000000074341b240,0x0000000745580000)
 Metaspace       used 18293K, capacity 19212K, committed 19328K, reserved 1067008K
  class space    used 2393K, capacity 2585K, committed 2688K, reserved 1048576K
}
Event: 144,554 GC heap before
{Heap before GC invocations=233 (full 0):
 PSYoungGen      total 246272K, used 245771K [0x0000000795580000, 0x00000007a7f80000, 0x00000007c0000000)
  eden space 245248K, 100% used [0x0000000795580000,0x00000007a4500000,0x00000007a4500000)
  from space 1024K, 51% used [0x00000007a7e80000,0x00000007a7f02f18,0x00000007a7f80000)
  to   space 1024K, 0% used [0x00000007a7d80000,0x00000007a7d80000,0x00000007a7e80000)
 ParOldGen       total 87552K, used 53356K [0x0000000740000000, 0x0000000745580000, 0x0000000795580000)
  object space 87552K, 60% used [0x0000000740000000,0x000000074341b240,0x0000000745580000)
 Metaspace       used 18293K, capacity 19212K, committed 19328K, reserved 1067008K
  class space    used 2393K, capacity 2585K, committed 2688K, reserved 1048576K
Event: 144,555 GC heap after
Heap after GC invocations=233 (full 0):
 PSYoungGen      total 295424K, used 771K [0x0000000795580000, 0x00000007a7f00000, 0x00000007c0000000)
  eden space 294400K, 0% used [0x0000000795580000,0x0000000795580000,0x00000007a7500000)
  from space 1024K, 75% used [0x00000007a7d80000,0x00000007a7e40c20,0x00000007a7e80000)
  to   space 512K, 0% used [0x00000007a7e80000,0x00000007a7e80000,0x00000007a7f00000)
 ParOldGen       total 87552K, used 53460K [0x0000000740000000, 0x0000000745580000, 0x0000000795580000)
  object space 87552K, 61% used [0x0000000740000000,0x0000000743435240,0x0000000745580000)
 Metaspace       used 18293K, capacity 19212K, committed 19328K, reserved 1067008K
  class space    used 2393K, capacity 2585K, committed 2688K, reserved 1048576K
}

Deoptimization events (10 events):
Event: 19,356 Thread 0x00007fed9f8eb000 Uncommon trap: reason=unstable_if action=reinterpret pc=0x000000011be76fa4 method=java.lang.Math.round(F)I @ 36
Event: 23,884 Thread 0x00007fed9f9a1000 Uncommon trap: reason=bimorphic action=maybe_recompile pc=0x000000011bff785c method=com.sun.javafx.binding.ExpressionHelper$Generic.fireValueChangedEvent()V @ 91
Event: 24,035 Thread 0x00007fed9f8eb000 Uncommon trap: reason=unstable_if action=reinterpret pc=0x000000011c074c00 method=com.sun.prism.impl.VertexBuffer.ensureCapacityForQuad()V @ 10
Event: 24,046 Thread 0x00007fed9f9a1000 Uncommon trap: reason=unstable_if action=reinterpret pc=0x000000011bff88e4 method=java.util.concurrent.locks.ReentrantLock$Sync.tryRelease(I)Z @ 28
Event: 24,063 Thread 0x00007fed9f8eb000 Uncommon trap: reason=unstable_if action=reinterpret pc=0x000000011bf5497c method=com.sun.prism.impl.VertexBuffer.ensureCapacityForQuad()V @ 10
Event: 24,150 Thread 0x00007fed9f8eb000 Uncommon trap: reason=unstable_if action=reinterpret pc=0x000000011bf53dec method=com.sun.prism.impl.VertexBuffer.ensureCapacityForQuad()V @ 10
Event: 25,382 Thread 0x00007fed9f9a1000 Uncommon trap: reason=bimorphic action=maybe_recompile pc=0x000000011bff785c method=com.sun.javafx.binding.ExpressionHelper$Generic.fireValueChangedEvent()V @ 91
Event: 28,047 Thread 0x00007fed9f9a1000 Uncommon trap: reason=bimorphic action=maybe_recompile pc=0x000000011bff785c method=com.sun.javafx.binding.ExpressionHelper$Generic.fireValueChangedEvent()V @ 91
Event: 31,590 Thread 0x00007fed9f9a1000 Uncommon trap: reason=bimorphic action=maybe_recompile pc=0x000000011bff785c method=com.sun.javafx.binding.ExpressionHelper$Generic.fireValueChangedEvent()V @ 91
Event: 143,225 Thread 0x00007fed9f9a1000 Uncommon trap: reason=unstable_if action=reinterpret pc=0x000000011c166f28 method=com.sun.javafx.text.PrismTextLayout.layout()V @ 284

Internal exceptions (10 events):
Event: 0,235 Thread 0x00007fed9f807800 Exception <a 'java/lang/NullPointerException'> (0x0000000795860ba0) thrown at [/Users/java_re/workspace/8-2-build-macosx-x86_64/jdk8u121/8372/hotspot/src/share/vm/interpreter/linkResolver.cpp, line 1178]
Event: 0,568 Thread 0x00007fed9f9a1000 Exception <a 'java/lang/NullPointerException'> (0x00000007960df2a8) thrown at [/Users/java_re/workspace/8-2-build-macosx-x86_64/jdk8u121/8372/hotspot/src/share/vm/interpreter/linkResolver.cpp, line 1178]
Event: 0,568 Thread 0x00007fed9f9a1000 Exception <a 'java/lang/NullPointerException'> (0x00000007960df2a8) thrown at [/Users/java_re/workspace/8-2-build-macosx-x86_64/jdk8u121/8372/hotspot/src/share/vm/prims/jvm.cpp, line 1394]
Event: 0,728 Thread 0x00007fed9f9a1000 Implicit null exception at 0x000000011b9cfcf5 to 0x000000011b9cfeed
Event: 0,919 Thread 0x00007fed9f9a1000 Exception <a 'java/lang/ArrayIndexOutOfBoundsException'> (0x0000000796aa8498) thrown at [/Users/java_re/workspace/8-2-build-macosx-x86_64/jdk8u121/8372/hotspot/src/share/vm/runtime/sharedRuntime.cpp, line 605]
Event: 0,920 Thread 0x00007fed9f9a1000 Exception <a 'java/lang/ArrayIndexOutOfBoundsException'> (0x0000000796aa8fb0) thrown at [/Users/java_re/workspace/8-2-build-macosx-x86_64/jdk8u121/8372/hotspot/src/share/vm/runtime/sharedRuntime.cpp, line 605]
Event: 0,920 Thread 0x00007fed9f9a1000 Exception <a 'java/lang/ArrayIndexOutOfBoundsException'> (0x0000000796aaa358) thrown at [/Users/java_re/workspace/8-2-build-macosx-x86_64/jdk8u121/8372/hotspot/src/share/vm/runtime/sharedRuntime.cpp, line 605]
Event: 1,562 Thread 0x00007fed9f9a1000 Implicit null exception at 0x000000011bb5820f to 0x000000011bb58c91
Event: 2,880 Thread 0x00007fed9fbe8000 Exception <a 'java/lang/NoClassDefFoundError': org/apache/log4j/Category> (0x0000000795d5c590) thrown at [/Users/java_re/workspace/8-2-build-macosx-x86_64/jdk8u121/8372/hotspot/src/share/vm/classfile/systemDictionary.cpp, line 199]
Event: 2,885 Thread 0x00007fed9fbe8000 Exception <a 'java/lang/UnsatisfiedLinkError': com.intel.bluetooth.BluetoothStackOSX.isNativeCodeLoaded()Z> (0x0000000795d92a78) thrown at [/Users/java_re/workspace/8-2-build-macosx-x86_64/jdk8u121/8372/hotspot/src/share/vm/prims/nativeLookup.cpp, line 37

Events (10 events):
Event: 144,914 Thread 0x00007fed9f9a1000 DEOPT UNPACKING pc=0x000000011b7d3633 sp=0x00007fff5418b9e8 mode 0
Event: 144,939 Thread 0x00007fed9f9a1000 DEOPT PACKING pc=0x000000011bf30272 sp=0x00007fff5418bbd0
Event: 144,939 Thread 0x00007fed9f9a1000 DEOPT UNPACKING pc=0x000000011b7d3633 sp=0x00007fff5418b9e8 mode 0
Event: 144,958 Thread 0x00007fed9f9a1000 DEOPT PACKING pc=0x000000011bf305a2 sp=0x00007fff5418bbd0
Event: 144,958 Thread 0x00007fed9f9a1000 DEOPT UNPACKING pc=0x000000011b7d3633 sp=0x00007fff5418b9e8 mode 0
Event: 145,126 Thread 0x00007fed9f9a1000 DEOPT PACKING pc=0x000000011bf30272 sp=0x00007fff5418bc00
Event: 145,126 Thread 0x00007fed9f9a1000 DEOPT UNPACKING pc=0x000000011b7d3633 sp=0x00007fff5418ba18 mode 0
Event: 145,142 Executing VM operation: RevokeBias
Event: 145,143 Executing VM operation: RevokeBias done
Event: 145,143 Thread 0x00007fed9faf5000 Thread exited: 0x00007fed9faf5000


Dynamic libraries:
0x0000000002d0e000 	/System/Library/Frameworks/Cocoa.framework/Versions/A/Cocoa
0x0000000002d0e000 	/System/Library/Frameworks/Security.framework/Versions/A/Security
0x0000000002d0e000 	/System/Library/Frameworks/ApplicationServices.framework/Versions/A/ApplicationServices
0x0000000002d0e000 	/usr/lib/libz.1.dylib
0x0000000002d0e000 	/usr/lib/libSystem.B.dylib
0x0000000002d0e000 	/usr/lib/libobjc.A.dylib
0x0000000002d0e000 	/System/Library/Frameworks/CoreFoundation.framework/Versions/A/CoreFoundation
0x0000000002d0e000 	/System/Library/Frameworks/Foundation.framework/Versions/C/Foundation
0x0000000002d0e000 	/System/Library/Frameworks/AppKit.framework/Versions/C/AppKit
0x0000000002d0e000 	/System/Library/Frameworks/CoreData.framework/Versions/A/CoreData
0x0000000002d0e000 	/System/Library/PrivateFrameworks/RemoteViewServices.framework/Versions/A/RemoteViewServices
0x0000000002d0e000 	/System/Library/PrivateFrameworks/UIFoundation.framework/Versions/A/UIFoundation
0x0000000002d0e000 	/System/Library/PrivateFrameworks/DFRFoundation.framework/Versions/A/DFRFoundation
0x0000000002d0e000 	/usr/lib/libenergytrace.dylib
0x0000000002d0e000 	/System/Library/PrivateFrameworks/SkyLight.framework/Versions/A/SkyLight
0x0000000002d0e000 	/System/Library/Frameworks/CoreGraphics.framework/Versions/A/CoreGraphics
0x0000000002d0e000 	/usr/lib/libScreenReader.dylib
0x0000000002d0e000 	/System/Library/Frameworks/Accelerate.framework/Versions/A/Accelerate
0x0000000002d0e000 	/System/Library/Frameworks/IOSurface.framework/Versions/A/IOSurface
0x0000000002d0e000 	/System/Library/Frameworks/AudioToolbox.framework/Versions/A/AudioToolbox
0x0000000002d0e000 	/System/Library/Frameworks/AudioUnit.framework/Versions/A/AudioUnit
0x0000000002d0e000 	/System/Library/PrivateFrameworks/DataDetectorsCore.framework/Versions/A/DataDetectorsCore
0x0000000002d0e000 	/System/Library/PrivateFrameworks/DesktopServicesPriv.framework/Versions/A/DesktopServicesPriv
0x0000000002d0e000 	/System/Library/Frameworks/Carbon.framework/Versions/A/Frameworks/HIToolbox.framework/Versions/A/HIToolbox
0x0000000002d0e000 	/usr/lib/libicucore.A.dylib
0x0000000002d0e000 	/System/Library/Frameworks/QuartzCore.framework/Versions/A/QuartzCore
0x0000000002d0e000 	/System/Library/Frameworks/Carbon.framework/Versions/A/Frameworks/SpeechRecognition.framework/Versions/A/SpeechRecognition
0x0000000002d0e000 	/usr/lib/libauto.dylib
0x0000000002d0e000 	/usr/lib/libxml2.2.dylib
0x0000000002d0e000 	/System/Library/PrivateFrameworks/CoreUI.framework/Versions/A/CoreUI
0x0000000002d0e000 	/System/Library/Frameworks/CoreAudio.framework/Versions/A/CoreAudio
0x0000000002d0e000 	/System/Library/Frameworks/DiskArbitration.framework/Versions/A/DiskArbitration
0x0000000002d0e000 	/usr/lib/liblangid.dylib
0x0000000002d0e000 	/System/Library/PrivateFrameworks/MultitouchSupport.framework/Versions/A/MultitouchSupport
0x0000000002d0e000 	/System/Library/Frameworks/IOKit.framework/Versions/A/IOKit
0x0000000002d0e000 	/usr/lib/libDiagnosticMessagesClient.dylib
0x0000000002d0e000 	/System/Library/Frameworks/CoreServices.framework/Versions/A/CoreServices
0x0000000002d0e000 	/System/Library/PrivateFrameworks/PerformanceAnalysis.framework/Versions/A/PerformanceAnalysis
0x0000000002d0e000 	/System/Library/PrivateFrameworks/GenerationalStorage.framework/Versions/A/GenerationalStorage
0x0000000002d0e000 	/System/Library/Frameworks/OpenGL.framework/Versions/A/OpenGL
0x0000000002d0e000 	/System/Library/Frameworks/CoreImage.framework/Versions/A/CoreImage
0x0000000002d0e000 	/System/Library/Frameworks/CoreText.framework/Versions/A/CoreText
0x0000000002d0e000 	/System/Library/Frameworks/ImageIO.framework/Versions/A/ImageIO
0x0000000002d0e000 	/System/Library/PrivateFrameworks/Backup.framework/Versions/A/Backup
0x0000000002d0e000 	/usr/lib/libarchive.2.dylib
0x0000000002d0e000 	/System/Library/Frameworks/CFNetwork.framework/Versions/A/CFNetwork
0x0000000002d0e000 	/System/Library/Frameworks/SystemConfiguration.framework/Versions/A/SystemConfiguration
0x0000000002d0e000 	/usr/lib/libCRFSuite.dylib
0x0000000002d0e000 	/usr/lib/libc++.1.dylib
0x0000000002d0e000 	/usr/lib/libc++abi.dylib
0x0000000002d0e000 	/usr/lib/system/libcache.dylib
0x0000000002d0e000 	/usr/lib/system/libcommonCrypto.dylib
0x0000000002d0e000 	/usr/lib/system/libcompiler_rt.dylib
0x0000000002d0e000 	/usr/lib/system/libcopyfile.dylib
0x0000000002d0e000 	/usr/lib/system/libcorecrypto.dylib
0x0000000002d0e000 	/usr/lib/system/libdispatch.dylib
0x0000000002d0e000 	/usr/lib/system/libdyld.dylib
0x0000000002d0e000 	/usr/lib/system/libkeymgr.dylib
0x0000000002d0e000 	/usr/lib/system/liblaunch.dylib
0x0000000002d0e000 	/usr/lib/system/libmacho.dylib
0x0000000002d0e000 	/usr/lib/system/libquarantine.dylib
0x0000000002d0e000 	/usr/lib/system/libremovefile.dylib
0x0000000002d0e000 	/usr/lib/system/libsystem_asl.dylib
0x0000000002d0e000 	/usr/lib/system/libsystem_blocks.dylib
0x0000000002d0e000 	/usr/lib/system/libsystem_c.dylib
0x0000000002d0e000 	/usr/lib/system/libsystem_configuration.dylib
0x0000000002d0e000 	/usr/lib/system/libsystem_coreservices.dylib
0x0000000002d0e000 	/usr/lib/system/libsystem_coretls.dylib
0x0000000002d0e000 	/usr/lib/system/libsystem_dnssd.dylib
0x0000000002d0e000 	/usr/lib/system/libsystem_info.dylib
0x0000000002d0e000 	/usr/lib/system/libsystem_kernel.dylib
0x0000000002d0e000 	/usr/lib/system/libsystem_m.dylib
0x0000000002d0e000 	/usr/lib/system/libsystem_malloc.dylib
0x0000000002d0e000 	/usr/lib/system/libsystem_network.dylib
0x0000000002d0e000 	/usr/lib/system/libsystem_networkextension.dylib
0x0000000002d0e000 	/usr/lib/system/libsystem_notify.dylib
0x0000000002d0e000 	/usr/lib/system/libsystem_platform.dylib
0x0000000002d0e000 	/usr/lib/system/libsystem_pthread.dylib
0x0000000002d0e000 	/usr/lib/system/libsystem_sandbox.dylib
0x0000000002d0e000 	/usr/lib/system/libsystem_secinit.dylib
0x0000000002d0e000 	/usr/lib/system/libsystem_symptoms.dylib
0x0000000002d0e000 	/usr/lib/system/libsystem_trace.dylib
0x0000000002d0e000 	/usr/lib/system/libunwind.dylib
0x0000000002d0e000 	/usr/lib/system/libxpc.dylib
0x0000000002d0e000 	/usr/lib/libbsm.0.dylib
0x0000000002d0e000 	/usr/lib/system/libkxld.dylib
0x0000000002d0e000 	/usr/lib/libcoretls.dylib
0x0000000002d0e000 	/usr/lib/libcoretls_cfhelpers.dylib
0x0000000002d0e000 	/usr/lib/libOpenScriptingUtil.dylib
0x0000000002d0e000 	/usr/lib/libpam.2.dylib
0x0000000002d0e000 	/usr/lib/libsqlite3.dylib
0x0000000002d0e000 	/usr/lib/libxar.1.dylib
0x0000000002d0e000 	/usr/lib/libbz2.1.0.dylib
0x0000000002d0e000 	/usr/lib/liblzma.5.dylib
0x0000000002d0e000 	/usr/lib/libnetwork.dylib
0x0000000002d0e000 	/usr/lib/libpcap.A.dylib
0x0000000002d0e000 	/System/Library/Frameworks/CoreServices.framework/Versions/A/Frameworks/FSEvents.framework/Versions/A/FSEvents
0x0000000002d0e000 	/System/Library/Frameworks/CoreServices.framework/Versions/A/Frameworks/CarbonCore.framework/Versions/A/CarbonCore
0x0000000002d0e000 	/System/Library/Frameworks/CoreServices.framework/Versions/A/Frameworks/Metadata.framework/Versions/A/Metadata
0x0000000002d0e000 	/System/Library/Frameworks/CoreServices.framework/Versions/A/Frameworks/OSServices.framework/Versions/A/OSServices
0x0000000002d0e000 	/System/Library/Frameworks/CoreServices.framework/Versions/A/Frameworks/SearchKit.framework/Versions/A/SearchKit
0x0000000002d0e000 	/System/Library/Frameworks/CoreServices.framework/Versions/A/Frameworks/AE.framework/Versions/A/AE
0x0000000002d0e000 	/System/Library/Frameworks/CoreServices.framework/Versions/A/Frameworks/LaunchServices.framework/Versions/A/LaunchServices
0x0000000002d0e000 	/System/Library/Frameworks/CoreServices.framework/Versions/A/Frameworks/DictionaryServices.framework/Versions/A/DictionaryServices
0x0000000002d0e000 	/System/Library/Frameworks/CoreServices.framework/Versions/A/Frameworks/SharedFileList.framework/Versions/A/SharedFileList
0x0000000002d0e000 	/System/Library/Frameworks/NetFS.framework/Versions/A/NetFS
0x0000000002d0e000 	/System/Library/PrivateFrameworks/NetAuth.framework/Versions/A/NetAuth
0x0000000002d0e000 	/System/Library/PrivateFrameworks/login.framework/Versions/A/Frameworks/loginsupport.framework/Versions/A/loginsupport
0x0000000002d0e000 	/System/Library/PrivateFrameworks/TCC.framework/Versions/A/TCC
0x0000000002d0e000 	/usr/lib/libmecabra.dylib
0x0000000002d0e000 	/System/Library/Frameworks/ApplicationServices.framework/Versions/A/Frameworks/ATS.framework/Versions/A/ATS
0x0000000002d0e000 	/System/Library/Frameworks/ApplicationServices.framework/Versions/A/Frameworks/ColorSync.framework/Versions/A/ColorSync
0x0000000002d0e000 	/System/Library/Frameworks/ApplicationServices.framework/Versions/A/Frameworks/HIServices.framework/Versions/A/HIServices
0x0000000002d0e000 	/System/Library/Frameworks/ApplicationServices.framework/Versions/A/Frameworks/LangAnalysis.framework/Versions/A/LangAnalysis
0x0000000002d0e000 	/System/Library/Frameworks/ApplicationServices.framework/Versions/A/Frameworks/PrintCore.framework/Versions/A/PrintCore
0x0000000002d0e000 	/System/Library/Frameworks/ApplicationServices.framework/Versions/A/Frameworks/QD.framework/Versions/A/QD
0x0000000002d0e000 	/System/Library/Frameworks/ApplicationServices.framework/Versions/A/Frameworks/SpeechSynthesis.framework/Versions/A/SpeechSynthesis
0x0000000002d0e000 	/System/Library/Frameworks/Accelerate.framework/Versions/A/Frameworks/vImage.framework/Versions/A/vImage
0x0000000002d0e000 	/System/Library/Frameworks/Accelerate.framework/Versions/A/Frameworks/vecLib.framework/Versions/A/vecLib
0x0000000002d0e000 	/System/Library/Frameworks/Accelerate.framework/Versions/A/Frameworks/vecLib.framework/Versions/A/libvDSP.dylib
0x0000000002d0e000 	/System/Library/Frameworks/Accelerate.framework/Versions/A/Frameworks/vecLib.framework/Versions/A/libBNNS.dylib
0x0000000002d0e000 	/System/Library/Frameworks/Accelerate.framework/Versions/A/Frameworks/vecLib.framework/Versions/A/libQuadrature.dylib
0x0000000002d0e000 	/System/Library/Frameworks/Accelerate.framework/Versions/A/Frameworks/vecLib.framework/Versions/A/libvMisc.dylib
0x0000000002d0e000 	/System/Library/Frameworks/Accelerate.framework/Versions/A/Frameworks/vecLib.framework/Versions/A/libLAPACK.dylib
0x0000000002d0e000 	/System/Library/Frameworks/Accelerate.framework/Versions/A/Frameworks/vecLib.framework/Versions/A/libBLAS.dylib
0x0000000002d0e000 	/System/Library/Frameworks/Accelerate.framework/Versions/A/Frameworks/vecLib.framework/Versions/A/libLinearAlgebra.dylib
0x0000000002d0e000 	/System/Library/Frameworks/Accelerate.framework/Versions/A/Frameworks/vecLib.framework/Versions/A/libSparseBLAS.dylib
0x0000000002d0e000 	/System/Library/Frameworks/ApplicationServices.framework/Versions/A/Frameworks/ATS.framework/Versions/A/Resources/libFontParser.dylib
0x0000000002d0e000 	/System/Library/Frameworks/ApplicationServices.framework/Versions/A/Frameworks/ATS.framework/Versions/A/Resources/libFontRegistry.dylib
0x0000000002d0e000 	/System/Library/Frameworks/ImageIO.framework/Versions/A/Resources/libJPEG.dylib
0x0000000002d0e000 	/System/Library/Frameworks/ImageIO.framework/Versions/A/Resources/libTIFF.dylib
0x0000000002d0e000 	/System/Library/Frameworks/ImageIO.framework/Versions/A/Resources/libPng.dylib
0x0000000002d0e000 	/System/Library/Frameworks/ImageIO.framework/Versions/A/Resources/libGIF.dylib
0x0000000002d0e000 	/System/Library/Frameworks/ImageIO.framework/Versions/A/Resources/libJP2.dylib
0x0000000002d0e000 	/System/Library/Frameworks/ImageIO.framework/Versions/A/Resources/libRadiance.dylib
0x0000000002d0e000 	/usr/lib/libcompression.dylib
0x0000000002d0e000 	/System/Library/PrivateFrameworks/AppleJPEG.framework/Versions/A/AppleJPEG
0x0000000002d0e000 	/usr/lib/libcups.2.dylib
0x0000000002d0e000 	/System/Library/Frameworks/Kerberos.framework/Versions/A/Kerberos
0x0000000002d0e000 	/System/Library/Frameworks/GSS.framework/Versions/A/GSS
0x0000000002d0e000 	/usr/lib/libresolv.9.dylib
0x0000000002d0e000 	/usr/lib/libiconv.2.dylib
0x0000000002d0e000 	/System/Library/PrivateFrameworks/Heimdal.framework/Versions/A/Heimdal
0x0000000002d0e000 	/usr/lib/libheimdal-asn1.dylib
0x0000000002d0e000 	/System/Library/Frameworks/OpenDirectory.framework/Versions/A/OpenDirectory
0x0000000002d0e000 	/System/Library/PrivateFrameworks/CommonAuth.framework/Versions/A/CommonAuth
0x0000000002d0e000 	/System/Library/Frameworks/OpenDirectory.framework/Versions/A/Frameworks/CFOpenDirectory.framework/Versions/A/CFOpenDirectory
0x0000000002d0e000 	/System/Library/Frameworks/SecurityFoundation.framework/Versions/A/SecurityFoundation
0x0000000002d0e000 	/System/Library/PrivateFrameworks/LanguageModeling.framework/Versions/A/LanguageModeling
0x0000000002d0e000 	/usr/lib/libmarisa.dylib
0x0000000002d0e000 	/usr/lib/libChineseTokenizer.dylib
0x0000000002d0e000 	/usr/lib/libcmph.dylib
0x0000000002d0e000 	/System/Library/PrivateFrameworks/CoreEmoji.framework/Versions/A/CoreEmoji
0x0000000002d0e000 	/System/Library/Frameworks/ServiceManagement.framework/Versions/A/ServiceManagement
0x0000000002d0e000 	/usr/lib/libxslt.1.dylib
0x0000000002d0e000 	/System/Library/Frameworks/Carbon.framework/Versions/A/Frameworks/Ink.framework/Versions/A/Ink
0x0000000002d0e000 	/System/Library/PrivateFrameworks/TextureIO.framework/Versions/A/TextureIO
0x0000000002d0e000 	/System/Library/Frameworks/Metal.framework/Versions/A/Metal
0x0000000002d0e000 	/usr/lib/libate.dylib
0x0000000002d0e000 	/System/Library/PrivateFrameworks/GPUCompiler.framework/libmetal_timestamp.dylib
0x0000000002d0e000 	/System/Library/Frameworks/OpenGL.framework/Versions/A/Libraries/libCoreFSCache.dylib
0x0000000002d0e000 	/System/Library/PrivateFrameworks/IOAccelerator.framework/Versions/A/IOAccelerator
0x0000000002d0e000 	/System/Library/Frameworks/CoreVideo.framework/Versions/A/CoreVideo
0x0000000002d0e000 	/usr/lib/libFosl_dynamic.dylib
0x0000000002d0e000 	/System/Library/PrivateFrameworks/MetalPerformanceShaders.framework/Versions/A/MetalPerformanceShaders
0x0000000002d0e000 	/System/Library/PrivateFrameworks/FaceCore.framework/Versions/A/FaceCore
0x0000000002d0e000 	/System/Library/Frameworks/OpenCL.framework/Versions/A/OpenCL
0x0000000002d0e000 	/System/Library/Frameworks/OpenGL.framework/Versions/A/Libraries/libGLU.dylib
0x0000000002d0e000 	/System/Library/Frameworks/OpenGL.framework/Versions/A/Libraries/libGFXShared.dylib
0x0000000002d0e000 	/System/Library/Frameworks/OpenGL.framework/Versions/A/Libraries/libGL.dylib
0x0000000002d0e000 	/System/Library/Frameworks/OpenGL.framework/Versions/A/Libraries/libGLImage.dylib
0x0000000002d0e000 	/System/Library/Frameworks/OpenGL.framework/Versions/A/Libraries/libCVMSPluginSupport.dylib
0x0000000002d0e000 	/System/Library/Frameworks/OpenGL.framework/Versions/A/Libraries/libCoreVMClient.dylib
0x0000000002d0e000 	/System/Library/PrivateFrameworks/CrashReporterSupport.framework/Versions/A/CrashReporterSupport
0x0000000002d0e000 	/System/Library/PrivateFrameworks/Sharing.framework/Versions/A/Sharing
0x0000000002d0e000 	/System/Library/PrivateFrameworks/IconServices.framework/Versions/A/IconServices
0x0000000002d0e000 	/System/Library/PrivateFrameworks/ProtocolBuffer.framework/Versions/A/ProtocolBuffer
0x0000000002d0e000 	/System/Library/PrivateFrameworks/Apple80211.framework/Versions/A/Apple80211
0x0000000002d0e000 	/System/Library/Frameworks/CoreWLAN.framework/Versions/A/CoreWLAN
0x0000000002d0e000 	/System/Library/PrivateFrameworks/CoreUtils.framework/Versions/A/CoreUtils
0x0000000002d0e000 	/System/Library/Frameworks/IOBluetooth.framework/Versions/A/IOBluetooth
0x0000000002d0e000 	/System/Library/PrivateFrameworks/CoreWiFi.framework/Versions/A/CoreWiFi
0x0000000002d0e000 	/System/Library/Frameworks/CoreBluetooth.framework/Versions/A/CoreBluetooth
0x0000000002d0e000 	/System/Library/Frameworks/CoreDisplay.framework/Versions/A/CoreDisplay
0x0000000002d0e000 	/System/Library/PrivateFrameworks/IOPresentment.framework/Versions/A/IOPresentment
0x0000000002d0e000 	/System/Library/PrivateFrameworks/DSExternalDisplay.framework/Versions/A/DSExternalDisplay
0x0000000002d0e000 	/System/Library/PrivateFrameworks/DebugSymbols.framework/Versions/A/DebugSymbols
0x0000000002d0e000 	/System/Library/PrivateFrameworks/CoreSymbolication.framework/Versions/A/CoreSymbolication
0x0000000002d0e000 	/System/Library/PrivateFrameworks/Symbolication.framework/Versions/A/Symbolication
0x0000000002d0e000 	/System/Library/PrivateFrameworks/AppleFSCompression.framework/Versions/A/AppleFSCompression
0x0000000002d0e000 	/System/Library/PrivateFrameworks/SpeechRecognitionCore.framework/Versions/A/SpeechRecognitionCore
0x0000000002d0e000 	/System/Library/PrivateFrameworks/ChunkingLibrary.framework/Versions/A/ChunkingLibrary
0x00000000517ba000 	/System/Library/CoreServices/Encodings/libCyrillicConverter.dylib
0x000000010c400000 	/Library/Java/JavaVirtualMachines/jdk1.8.0_121.jdk/Contents/Home/jre/lib/server/libjvm.dylib
0x0000000002d0e000 	/usr/lib/libstdc++.6.dylib
0x000000010bb22000 	/Library/Java/JavaVirtualMachines/jdk1.8.0_121.jdk/Contents/Home/jre/lib/libverify.dylib
0x000000010bb30000 	/Library/Java/JavaVirtualMachines/jdk1.8.0_121.jdk/Contents/Home/jre/lib/libjava.dylib
0x000000010bb6f000 	/Library/Java/JavaVirtualMachines/jdk1.8.0_121.jdk/Contents/Home/jre/lib/libzip.dylib
0x0000000113c5a000 	/System/Library/Frameworks/JavaVM.framework/Frameworks/JavaRuntimeSupport.framework/JavaRuntimeSupport
0x0000000113c74000 	/System/Library/Frameworks/JavaVM.framework/Versions/A/Frameworks/JavaNativeFoundation.framework/Versions/A/JavaNativeFoundation
0x0000000113c89000 	/System/Library/Frameworks/JavaVM.framework/Versions/A/JavaVM
0x0000000002d0e000 	/System/Library/Frameworks/Carbon.framework/Versions/A/Carbon
0x0000000113c96000 	/System/Library/PrivateFrameworks/JavaLaunching.framework/Versions/A/JavaLaunching
0x0000000002d0e000 	/System/Library/Frameworks/Carbon.framework/Versions/A/Frameworks/CommonPanels.framework/Versions/A/CommonPanels
0x0000000002d0e000 	/System/Library/Frameworks/Carbon.framework/Versions/A/Frameworks/Help.framework/Versions/A/Help
0x0000000002d0e000 	/System/Library/Frameworks/Carbon.framework/Versions/A/Frameworks/ImageCapture.framework/Versions/A/ImageCapture
0x0000000002d0e000 	/System/Library/Frameworks/Carbon.framework/Versions/A/Frameworks/OpenScripting.framework/Versions/A/OpenScripting
0x0000000002d0e000 	/System/Library/Frameworks/Carbon.framework/Versions/A/Frameworks/Print.framework/Versions/A/Print
0x0000000002d0e000 	/System/Library/Frameworks/Carbon.framework/Versions/A/Frameworks/SecurityHI.framework/Versions/A/SecurityHI
0x000000011567e000 	/Library/Java/JavaVirtualMachines/jdk1.8.0_121.jdk/Contents/Home/jre/lib/libprism_es2.dylib
0x00000001156e3000 	/System/Library/Frameworks/OpenGL.framework/Resources/GLEngine.bundle/GLEngine
0x0000000002d0e000 	/System/Library/Frameworks/OpenGL.framework/Versions/A/Libraries/libGLProgrammability.dylib
0x00000001158c8000 	/System/Library/Extensions/AppleIntelBDWGraphicsGLDriver.bundle/Contents/MacOS/AppleIntelBDWGraphicsGLDriver
0x0000000002d0e000 	/System/Library/PrivateFrameworks/GPUSupport.framework/Versions/A/Libraries/libGPUSupportMercury.dylib
0x0000000116035000 	/System/Library/Frameworks/OpenGL.framework/Resources//GLRendererFloat.bundle/GLRendererFloat
0x0000000002d0e000 	/System/Library/Frameworks/OpenCL.framework/Versions/A/Libraries/libcldcpuengine.dylib
0x0000000002d0e000 	/usr/lib/libcrypto.0.9.8.dylib
0x0000000002d0e000 	/System/Library/PrivateFrameworks/TrustEvaluationAgent.framework/Versions/A/TrustEvaluationAgent
0x0000000116458000 	/Library/Java/JavaVirtualMachines/jdk1.8.0_121.jdk/Contents/Home/jre/lib/libglass.dylib
0x0000000002d0e000 	/System/Library/PrivateFrameworks/CoreServicesInternal.framework/Versions/A/CoreServicesInternal
0x0000000002d0e000 	/System/Library/CoreServices/RawCamera.bundle/Contents/MacOS/RawCamera
0x0000000002d0e000 	/System/Library/Frameworks/Accelerate.framework/Versions/A/Frameworks/vImage.framework/Versions/A/Libraries/libCGInterfaces.dylib
0x0000000002d0e000 	/System/Library/PrivateFrameworks/FamilyControls.framework/Versions/A/FamilyControls
0x0000000002d0e000 	/System/Library/PrivateFrameworks/CommerceKit.framework/Versions/A/Frameworks/CommerceCore.framework/Versions/A/CommerceCore
0x0000000002d0e000 	/System/Library/PrivateFrameworks/SystemAdministration.framework/Versions/A/SystemAdministration
0x0000000002d0e000 	/System/Library/PrivateFrameworks/AppContainer.framework/Versions/A/AppContainer
0x0000000002d0e000 	/System/Library/PrivateFrameworks/SecCodeWrapper.framework/Versions/A/SecCodeWrapper
0x0000000002d0e000 	/System/Library/Frameworks/DirectoryService.framework/Versions/A/DirectoryService
0x0000000002d0e000 	/System/Library/PrivateFrameworks/DiskImages.framework/Versions/A/DiskImages
0x0000000002d0e000 	/System/Library/PrivateFrameworks/LoginUIKit.framework/Versions/A/Frameworks/LoginUICore.framework/Versions/A/LoginUICore
0x0000000002d0e000 	/usr/lib/libCoreStorage.dylib
0x0000000002d0e000 	/usr/lib/libcsfde.dylib
0x0000000002d0e000 	/usr/lib/libodfde.dylib
0x0000000002d0e000 	/System/Library/Frameworks/DiscRecording.framework/Versions/A/DiscRecording
0x0000000002d0e000 	/usr/lib/libcurl.4.dylib
0x0000000002d0e000 	/System/Library/PrivateFrameworks/MediaKit.framework/Versions/A/MediaKit
0x0000000002d0e000 	/System/Library/PrivateFrameworks/ProtectedCloudStorage.framework/Versions/A/ProtectedCloudStorage
0x0000000002d0e000 	/System/Library/PrivateFrameworks/EFILogin.framework/Versions/A/EFILogin
0x0000000002d0e000 	/usr/lib/libutil.dylib
0x0000000002d0e000 	/System/Library/Frameworks/LDAP.framework/Versions/A/LDAP
0x0000000002d0e000 	/usr/lib/libsasl2.2.dylib
0x0000000002d0e000 	/System/Library/PrivateFrameworks/CoreDaemon.framework/Versions/B/CoreDaemon
0x0000000002d0e000 	/System/Library/PrivateFrameworks/AppleSRP.framework/Versions/A/AppleSRP
0x0000000002d0e000 	/System/Library/PrivateFrameworks/APFS.framework/Versions/A/APFS
0x00000001165d0000 	/Library/Java/JavaVirtualMachines/jdk1.8.0_121.jdk/Contents/Home/jre/lib/libjavafx_font.dylib
0x0000000002d0e000 	/System/Library/Frameworks/ApplicationServices.framework/Versions/A/Frameworks/ATS.framework/Versions/A/Resources/libTrueTypeScaler.dylib
0x000000011a798000 	/System/Library/Extensions/AppleIntelBDWGraphicsMTLDriver.bundle/Contents/MacOS/AppleIntelBDWGraphicsMTLDriver
0x0000000002d0e000 	/System/Library/PrivateFrameworks/ViewBridge.framework/Versions/A/ViewBridge
0x0000000002d0e000 	/System/Library/PrivateFrameworks/XPCService.framework/Versions/A/XPCService
0x0000000002d0e000 	/System/Library/PrivateFrameworks/AppSandbox.framework/Versions/A/AppSandbox
0x0000000002d0e000 	/usr/lib/libsandbox.1.dylib
0x0000000002d0e000 	/usr/lib/libMatch.1.dylib
0x000000012b455000 	/Library/Java/JavaVirtualMachines/jdk1.8.0_121.jdk/Contents/Home/jre/lib/libprism_common.dylib
0x000000011a36b000 	/private/var/folders/ln/k65kzw8x3s39kqk_9k4tjpr80000gn/T/bluecove_veek_0/libbluecove.jnilib

VM Arguments:
java_command: DashmaticServer.jar
java_class_path (initial): DashmaticServer.jar
Launcher Type: SUN_STANDARD

Environment Variables:
PATH=/usr/local/bin:/usr/bin:/bin:/usr/sbin:/sbin:/opt/X11/bin
SHELL=/usr/local/bin/fish
DISPLAY=/private/tmp/com.apple.launchd.Qv3p7d8c9u/org.macosforge.xquartz:0

Signal Handlers:
SIGSEGV: [libjvm.dylib+0x5b1141], sa_mask[0]=11111111011111110111111111111111, sa_flags=SA_ONSTACK|SA_RESTART|SA_SIGINFO
SIGBUS: [libjvm.dylib+0x5b1141], sa_mask[0]=11111111011111110111111111111111, sa_flags=SA_RESTART|SA_SIGINFO
SIGFPE: [libjvm.dylib+0x487bc4], sa_mask[0]=11111111011111110111111111111111, sa_flags=SA_RESTART|SA_SIGINFO
SIGPIPE: [libjvm.dylib+0x487bc4], sa_mask[0]=11111111011111110111111111111111, sa_flags=SA_RESTART|SA_SIGINFO
SIGXFSZ: [libjvm.dylib+0x487bc4], sa_mask[0]=11111111011111110111111111111111, sa_flags=SA_RESTART|SA_SIGINFO
SIGILL: [libjvm.dylib+0x487bc4], sa_mask[0]=11111111011111110111111111111111, sa_flags=SA_RESTART|SA_SIGINFO
SIGUSR1: SIG_DFL, sa_mask[0]=00000000000000000000000000000000, sa_flags=none
SIGUSR2: [libjvm.dylib+0x4876e2], sa_mask[0]=00000000000000000000000000000000, sa_flags=SA_RESTART|SA_SIGINFO
SIGHUP: [libjvm.dylib+0x485cb9], sa_mask[0]=11111111011111110111111111111111, sa_flags=SA_RESTART|SA_SIGINFO
SIGINT: [libjvm.dylib+0x485cb9], sa_mask[0]=11111111011111110111111111111111, sa_flags=SA_RESTART|SA_SIGINFO
SIGTERM: [libjvm.dylib+0x485cb9], sa_mask[0]=11111111011111110111111111111111, sa_flags=SA_RESTART|SA_SIGINFO
SIGQUIT: [libjvm.dylib+0x485cb9], sa_mask[0]=11111111011111110111111111111111, sa_flags=SA_RESTART|SA_SIGINFO


---------------  S Y S T E M  ---------------

OS:Bsduname:Darwin 16.6.0 Darwin Kernel Version 16.6.0: Fri Apr 14 16:21:16 PDT 2017; root:xnu-3789.60.24~6/RELEASE_X86_64 x86_64
rlimit: STACK 8192k, CORE 0k, NPROC 709, NOFILE 10240, AS infinity
load average:11,19 8,08 5,80

CPU:total 4 (2 cores per cpu, 2 threads per core) family 6 model 61 stepping 4, cmov, cx8, fxsr, mmx, sse, sse2, sse3, ssse3, sse4.1, sse4.2, popcnt, avx, avx2, aes, clmul, erms, 3dnowpref, lzcnt, ht, tsc, tscinvbit, bmi1, bmi2, adx

Memory: 4k page, physical 8388608k(50380k free)

/proc/meminfo:


vm_info: Java HotSpot(TM) 64-Bit Server VM (25.121-b13) for bsd-amd64 JRE (1.8.0_121-b13), built on Dec 12 2016 20:39:32 by "java_re" with gcc 4.2.1 (Based on Apple Inc. build 5658) (LLVM build 2336.11.00)

time: Thu Jul 13 15:08:59 2017
elapsed time: 145 seconds (0d 0h 2m 25s)

