#
# A fatal error has been detected by the Java Runtime Environment:
#
#  SIGSEGV (0xb) at pc=0x000000011c42fa4b, pid=3094, tid=0x0000000000000307
#
# JRE version: Java(TM) SE Runtime Environment (8.0_121-b13) (build 1.8.0_121-b13)
# Java VM: Java HotSpot(TM) 64-Bit Server VM (25.121-b13 mixed mode bsd-amd64 compressed oops)
# Problematic frame:
# C  [libbluecove.jnilib+0x8a4b]  -[RFCOMMChannelDelegate rfcommChannelWriteComplete:refcon:status:]+0x69
#
# Failed to write core dump. Core dumps have been disabled. To enable core dumping, try "ulimit -c unlimited" before starting Java again
#
# If you would like to submit a bug report, please visit:
#   http://bugreport.java.com/bugreport/crash.jsp
# The crash happened outside the Java Virtual Machine in native code.
# See problematic frame for where to report the bug.
#

---------------  T H R E A D  ---------------

Current thread (0x00007fae128f4800):  JavaThread "JavaFX Application Thread" [_thread_in_native, id=775, stack(0x00007fff5cce5000,0x00007fff5d4e5000)]

siginfo: si_signo: 11 (SIGSEGV), si_code: 1 (SEGV_MAPERR), si_addr: 0x000070000650235c

Registers:
RAX=0x00007fae11cd0600, RBX=0x0000700006501808, RCX=0x0000700006501808, RDX=0x00007fae1a630180
RSP=0x00007fff5d4dfc90, RBP=0x00007fff5d4dfcc0, RSI=0x00007fffbaf145da, RDI=0x00007fae11cd0600
R8 =0x0000000000000000, R9 =0x00007fae1a630180, R10=0x000000011c440f60, R11=0x00007fae1a627ec0
R12=0x00007fae1a43b490, R13=0x0000000000000008, R14=0x0000000000000000, R15=0x00007fae1a630180
RIP=0x000000011c42fa4b, EFLAGS=0x0000000000010202, ERR=0x0000000000000006
  TRAPNO=0x000000000000000e

Top of Stack: (sp=0x00007fff5d4dfc90)
0x00007fff5d4dfc90:   00007fae1a630180 00007fffcde65040
0x00007fff5d4dfca0:   0000000000000040 00007fae1a630180
0x00007fff5d4dfcb0:   00007fff5d4e0f70 00007fffbaf145da
0x00007fff5d4dfcc0:   00007fff5d4dfd40 00007fffbaeaa355
0x00007fff5d4dfcd0:   00007fff5d4dfd00 00007fffcde8027a
0x00007fff5d4dfce0:   00007fff5d4dfd00 00007fae1a842450
0x00007fff5d4dfcf0:   0000000000000600 00007fffd75bea80
0x00007fff5d4dfd00:   00007fff5d4dfd40 00007fffcde6d181
0x00007fff5d4dfd10:   00007fff5d4e0f70 00007fae1a630180
0x00007fff5d4dfd20:   00007fff5d4e0f70 00007fae1a630180
0x00007fff5d4dfd30:   00007fff5d4e0f70 00007fffcde65040
0x00007fff5d4dfd40:   00007fff5d4dfd70 00007fffbaea9cab
0x00007fff5d4dfd50:   0000000000000001 00007fffb77d74f4
0x00007fff5d4dfd60:   00007fae128f6050 00007fffb76f71e6
0x00007fff5d4dfd70:   00007fff5d4dfdd0 00007fffbaa69efc
0x00007fff5d4dfd80:   0000000000000000 0000000000000040
0x00007fff5d4dfd90:   00007fffd3ffcda0 00007fffd3ffcda0
0x00007fff5d4dfda0:   00007fff5d4dfdd0 0000000000000000
0x00007fff5d4dfdb0:   00007fae1a43ca20 00007fae1a43c9f0
0x00007fff5d4dfdc0:   00007fae1a43ca88 0000000000000000
0x00007fff5d4dfdd0:   00007fff5d4dfe20 00007fffb8fe7213
0x00007fff5d4dfde0:   0000000000000000 00007fae1a43c9f0
0x00007fff5d4dfdf0:   0000000000000040 00007fff5d4e0f48
0x00007fff5d4dfe00:   00007fae1a43cba0 00007fae1a43cbb8
0x00007fff5d4dfe10:   00007fae115006b0 00007fae115000b0
0x00007fff5d4dfe20:   00007fff5d4dfe40 00007fffb8fe70d9
0x00007fff5d4dfe30:   0000000000000000 00007fff5d4e0f70
0x00007fff5d4dfe40:   00007fff5d4e0eb0 00007fffb8fe7051
0x00007fff5d4dfe50:   0000000000000040 00007fff5d4e0f48
0x00007fff5d4dfe60:   00007fff5d4e0930 00007fae128f4800
0x00007fff5d4dfe70:   00007fae19ce3140 000000010540cb58
0x00007fff5d4dfe80:   00000007968294b8 00007fff5d4e07d0 

Instructions: (pc=0x000000011c42fa4b)
0x000000011c42fa2b:   8b 04 2c 4c 39 b8 b0 00 01 00 74 0f 48 83 c4 08
0x000000011c42fa3b:   5b 41 5c 41 5d 41 5e 41 5f 5d c3 48 85 db 74 1a
0x000000011c42fa4b:   44 89 b3 54 0b 00 00 45 85 f6 74 07 c7 43 20 01
0x000000011c42fa5b:   00 00 00 c6 83 40 0b 00 00 01 48 8b 78 38 48 83 

Register to memory mapping:

RAX=0x00007fae11cd0600 is an unknown value
RBX=0x0000700006501808 is an unknown value
RCX=0x0000700006501808 is an unknown value
RDX=0x00007fae1a630180 is an unknown value
RSP=0x00007fff5d4dfc90 is pointing into the stack for thread: 0x00007fae128f4800
RBP=0x00007fff5d4dfcc0 is pointing into the stack for thread: 0x00007fae128f4800
RSI=0x00007fffbaf145da: kBasic_Imaging_Image_Pull_Profile_UUID_Size+0x42da in /System/Library/Frameworks/IOBluetooth.framework/Versions/A/IOBluetooth at 0x00007fffbae92000
RDI=0x00007fae11cd0600 is an unknown value
R8 =0x0000000000000000 is an unknown value
R9 =0x00007fae1a630180 is an unknown value
R10=0x000000011c440f60: OBJC_CLASS_$_RFCOMMChannelDelegate+0 in /private/var/folders/ln/k65kzw8x3s39kqk_9k4tjpr80000gn/T/bluecove_veek_0/libbluecove.jnilib at 0x000000011c427000
R11=0x00007fae1a627ec0 is an unknown value
R12=0x00007fae1a43b490 is an unknown value
R13=0x0000000000000008 is an unknown value
R14=0x0000000000000000 is an unknown value
R15=0x00007fae1a630180 is an unknown value


Stack: [0x00007fff5cce5000,0x00007fff5d4e5000],  sp=0x00007fff5d4dfc90,  free space=8171k
Native frames: (J=compiled Java code, j=interpreted, Vv=VM code, C=native code)
C  [libbluecove.jnilib+0x8a4b]  -[RFCOMMChannelDelegate rfcommChannelWriteComplete:refcon:status:]+0x69
C  [IOBluetooth+0x18355]  -[IOBluetoothRFCOMMChannel(IOBluetoothRFCOMMChannelPrivate) processIncomingData:]+0x33e
C  [IOBluetooth+0x17cab]  -[IOBluetoothRFCOMMChannel(IOBluetoothRFCOMMChannelPrivate) handleMachMessage:]+0x31
C  [Foundation+0x9aefc]  __NSFireMachPort+0x55
C  [CoreFoundation+0x90213]  __CFMachPortPerform+0x123
C  [CoreFoundation+0x900d9]  __CFRUNLOOP_IS_CALLING_OUT_TO_A_SOURCE1_PERFORM_FUNCTION__+0x29
C  [CoreFoundation+0x90051]  __CFRunLoopDoSource1+0x1d1
C  [CoreFoundation+0x87cc5]  __CFRunLoopRun+0x955
C  [CoreFoundation+0x87114]  CFRunLoopRunSpecific+0x1a4
C  [HIToolbox+0x30ebc]  RunCurrentEventLoopInMode+0xf0
C  [HIToolbox+0x30cf1]  ReceiveNextEventCommon+0x1b0
C  [HIToolbox+0x30b26]  _BlockUntilNextEventMatchingListInModeWithFilter+0x47
C  [AppKit+0x46a54]  _DPSNextEvent+0x460
C  [AppKit+0x7c27ee]  -[NSApplication(NSEvent) _nextEventMatchingEventMask:untilDate:inMode:dequeue:]+0xaec
C  [AppKit+0x3b3db]  -[NSApplication run]+0x39e
C  [libglass.dylib+0x651c]  -[GlassApplication runLoop:]+0x72c
C  [Foundation+0x717ba]  __NSThreadPerformPerform+0x146
C  [CoreFoundation+0xa7321]  __CFRUNLOOP_IS_CALLING_OUT_TO_A_SOURCE0_PERFORM_FUNCTION__+0x11
C  [CoreFoundation+0x8821d]  __CFRunLoopDoSources0+0x22d
C  [CoreFoundation+0x87716]  __CFRunLoopRun+0x3a6
C  [CoreFoundation+0x87114]  CFRunLoopRunSpecific+0x1a4
C  [java+0x6465]  CreateExecutionEnvironment+0x367
C  [java+0x218c]  JLI_Launch+0x7a0
C  [java+0x84c2]  main+0x65
C  [java+0x19e4]  start+0x34
C  0x0000000000000003


---------------  P R O C E S S  ---------------

Java Threads: ( => current thread )
  0x00007fae12153800 JavaThread "Thread-5" [_thread_in_native, id=72987, stack(0x0000700006609000,0x0000700006709000)]
  0x00007fae12bbd000 JavaThread "BluecoveAsynchronousShutdownThread" daemon [_thread_blocked, id=63939, stack(0x0000700006506000,0x0000700006606000)]
  0x00007fae129e7800 JavaThread "Prism Font Disposer" daemon [_thread_blocked, id=57831, stack(0x000070000627d000,0x000070000637d000)]
  0x00007fae130d4000 JavaThread "JavaFX-Launcher" [_thread_blocked, id=50947, stack(0x000070000617a000,0x000070000627a000)]
  0x00007fae1292f000 JavaThread "Thread-3" daemon [_thread_in_native, id=36867, stack(0x0000700006074000,0x00007000060f4000)]
=>0x00007fae128f4800 JavaThread "JavaFX Application Thread" [_thread_in_native, id=775, stack(0x00007fff5cce5000,0x00007fff5d4e5000)]
  0x00007fae11a61800 JavaThread "Thread-1" daemon [_thread_blocked, id=25095, stack(0x0000700005f71000,0x0000700006071000)]
  0x00007fae1305a800 JavaThread "QuantumRenderer-0" daemon [_thread_in_native, id=19715, stack(0x0000700005e6e000,0x0000700005f6e000)]
  0x00007fae1286a000 JavaThread "Service Thread" daemon [_thread_blocked, id=18691, stack(0x0000700005c68000,0x0000700005d68000)]
  0x00007fae11879000 JavaThread "C1 CompilerThread2" daemon [_thread_blocked, id=18179, stack(0x0000700005b65000,0x0000700005c65000)]
  0x00007fae11878000 JavaThread "C2 CompilerThread1" daemon [_thread_blocked, id=17667, stack(0x0000700005a62000,0x0000700005b62000)]
  0x00007fae12837000 JavaThread "C2 CompilerThread0" daemon [_thread_blocked, id=17155, stack(0x000070000595f000,0x0000700005a5f000)]
  0x00007fae1281f800 JavaThread "Signal Dispatcher" daemon [_thread_blocked, id=16643, stack(0x000070000585c000,0x000070000595c000)]
  0x00007fae1180a800 JavaThread "Finalizer" daemon [_thread_blocked, id=12547, stack(0x0000700005759000,0x0000700005859000)]
  0x00007fae12819800 JavaThread "Reference Handler" daemon [_thread_blocked, id=12035, stack(0x0000700005656000,0x0000700005756000)]
  0x00007fae12802000 JavaThread "main" [_thread_blocked, id=7171, stack(0x0000700005044000,0x0000700005144000)]

Other Threads:
  0x00007fae12817000 VMThread [stack: 0x0000700005553000,0x0000700005653000] [id=11523]
  0x00007fae1184f000 WatcherThread [stack: 0x0000700005d6b000,0x0000700005e6b000] [id=19203]

VM state:not at safepoint (normal execution)

VM Mutex/Monitor currently owned by a thread: None

Heap:
 PSYoungGen      total 25088K, used 20687K [0x0000000795580000, 0x0000000797480000, 0x00000007c0000000)
  eden space 23040K, 83% used [0x0000000795580000,0x0000000796854148,0x0000000796c00000)
  from space 2048K, 68% used [0x0000000796e00000,0x0000000796f5fdd0,0x0000000797000000)
  to   space 2048K, 0% used [0x0000000796c00000,0x0000000796c00000,0x0000000796e00000)
 ParOldGen       total 87552K, used 13156K [0x0000000740000000, 0x0000000745580000, 0x0000000795580000)
  object space 87552K, 15% used [0x0000000740000000,0x0000000740cd92f0,0x0000000745580000)
 Metaspace       used 18438K, capacity 19346K, committed 19584K, reserved 1067008K
  class space    used 2395K, capacity 2586K, committed 2688K, reserved 1048576K

Card table byte_map: [0x0000000104397000,0x0000000104798000] byte_map_base: 0x0000000100997000

Marking Bits: (ParMarkBitMap*) 0x00000001038f0d30
 Begin Bits: [0x0000000116234000, 0x0000000118234000)
 End Bits:   [0x0000000118234000, 0x000000011a234000)

Polling page: 0x00000001027de000

CodeCache: size=245760Kb used=11762Kb max_used=12236Kb free=233997Kb
 bounds [0x0000000107234000, 0x0000000107e74000, 0x0000000116234000]
 total_blobs=4252 nmethods=3592 adapters=572
 compilation: enabled

Compilation events (10 events):
Event: 1712,504 Thread 0x00007fae11879000 4143       3       javafx.scene.layout.BackgroundFill::<init> (95 bytes)
Event: 1712,506 Thread 0x00007fae11879000 nmethod 4143 0x0000000107342e90 code [0x0000000107343040, 0x00000001073434d8]
Event: 1712,506 Thread 0x00007fae11879000 4144       3       javafx.geometry.Insets::hashCode (83 bytes)
Event: 1712,507 Thread 0x00007fae11879000 nmethod 4144 0x0000000107772f90 code [0x0000000107773120, 0x00000001077737b0]
Event: 1712,507 Thread 0x00007fae11879000 4145       3       javafx.scene.paint.LinearGradient::hashCode (167 bytes)
Event: 1712,508 Thread 0x00007fae11879000 nmethod 4145 0x00000001076d4f90 code [0x00000001076d51a0, 0x00000001076d5ee8]
Event: 1712,590 Thread 0x00007fae11879000 4146       3       com.sun.javafx.css.converters.EnumConverter::convert (7 bytes)
Event: 1712,591 Thread 0x00007fae11879000 nmethod 4146 0x0000000107693fd0 code [0x0000000107694140, 0x0000000107694348]
Event: 1712,591 Thread 0x00007fae11879000 4147   !   3       com.sun.javafx.css.converters.EnumConverter::convert (75 bytes)
Event: 1712,593 Thread 0x00007fae11879000 nmethod 4147 0x000000010785a710 code [0x000000010785a8e0, 0x000000010785b118]

GC Heap History (10 events):
Event: 1710,251 GC heap before
{Heap before GC invocations=82 (full 0):
 PSYoungGen      total 25088K, used 24580K [0x0000000795580000, 0x0000000797000000, 0x00000007c0000000)
  eden space 23040K, 100% used [0x0000000795580000,0x0000000796c00000,0x0000000796c00000)
  from space 2048K, 75% used [0x0000000796c00000,0x0000000796d811e0,0x0000000796e00000)
  to   space 2048K, 0% used [0x0000000796e00000,0x0000000796e00000,0x0000000797000000)
 ParOldGen       total 87552K, used 13092K [0x0000000740000000, 0x0000000745580000, 0x0000000795580000)
  object space 87552K, 14% used [0x0000000740000000,0x0000000740cc92f0,0x0000000745580000)
 Metaspace       used 18434K, capacity 19346K, committed 19584K, reserved 1067008K
  class space    used 2395K, capacity 2586K, committed 2688K, reserved 1048576K
Event: 1710,255 GC heap after
Heap after GC invocations=82 (full 0):
 PSYoungGen      total 25088K, used 952K [0x0000000795580000, 0x0000000797000000, 0x00000007c0000000)
  eden space 23040K, 0% used [0x0000000795580000,0x0000000795580000,0x0000000796c00000)
  from space 2048K, 46% used [0x0000000796e00000,0x0000000796eee318,0x0000000797000000)
  to   space 2048K, 0% used [0x0000000796c00000,0x0000000796c00000,0x0000000796e00000)
 ParOldGen       total 87552K, used 13100K [0x0000000740000000, 0x0000000745580000, 0x0000000795580000)
  object space 87552K, 14% used [0x0000000740000000,0x0000000740ccb2f0,0x0000000745580000)
 Metaspace       used 18434K, capacity 19346K, committed 19584K, reserved 1067008K
  class space    used 2395K, capacity 2586K, committed 2688K, reserved 1048576K
}
Event: 1710,770 GC heap before
{Heap before GC invocations=83 (full 0):
 PSYoungGen      total 25088K, used 23992K [0x0000000795580000, 0x0000000797000000, 0x00000007c0000000)
  eden space 23040K, 100% used [0x0000000795580000,0x0000000796c00000,0x0000000796c00000)
  from space 2048K, 46% used [0x0000000796e00000,0x0000000796eee318,0x0000000797000000)
  to   space 2048K, 0% used [0x0000000796c00000,0x0000000796c00000,0x0000000796e00000)
 ParOldGen       total 87552K, used 13100K [0x0000000740000000, 0x0000000745580000, 0x0000000795580000)
  object space 87552K, 14% used [0x0000000740000000,0x0000000740ccb2f0,0x0000000745580000)
 Metaspace       used 18434K, capacity 19346K, committed 19584K, reserved 1067008K
  class space    used 2395K, capacity 2586K, committed 2688K, reserved 1048576K
Event: 1710,772 GC heap after
Heap after GC invocations=83 (full 0):
 PSYoungGen      total 25088K, used 1340K [0x0000000795580000, 0x0000000797000000, 0x00000007c0000000)
  eden space 23040K, 0% used [0x0000000795580000,0x0000000795580000,0x0000000796c00000)
  from space 2048K, 65% used [0x0000000796c00000,0x0000000796d4f150,0x0000000796e00000)
  to   space 2048K, 0% used [0x0000000796e00000,0x0000000796e00000,0x0000000797000000)
 ParOldGen       total 87552K, used 13108K [0x0000000740000000, 0x0000000745580000, 0x0000000795580000)
  object space 87552K, 14% used [0x0000000740000000,0x0000000740ccd2f0,0x0000000745580000)
 Metaspace       used 18434K, capacity 19346K, committed 19584K, reserved 1067008K
  class space    used 2395K, capacity 2586K, committed 2688K, reserved 1048576K
}
Event: 1711,378 GC heap before
{Heap before GC invocations=84 (full 0):
 PSYoungGen      total 25088K, used 24364K [0x0000000795580000, 0x0000000797000000, 0x00000007c0000000)
  eden space 23040K, 99% used [0x0000000795580000,0x0000000796bfbfb8,0x0000000796c00000)
  from space 2048K, 65% used [0x0000000796c00000,0x0000000796d4f150,0x0000000796e00000)
  to   space 2048K, 0% used [0x0000000796e00000,0x0000000796e00000,0x0000000797000000)
 ParOldGen       total 87552K, used 13108K [0x0000000740000000, 0x0000000745580000, 0x0000000795580000)
  object space 87552K, 14% used [0x0000000740000000,0x0000000740ccd2f0,0x0000000745580000)
 Metaspace       used 18434K, capacity 19346K, committed 19584K, reserved 1067008K
  class space    used 2395K, capacity 2586K, committed 2688K, reserved 1048576K
Event: 1711,392 GC heap after
Heap after GC invocations=84 (full 0):
 PSYoungGen      total 25088K, used 969K [0x0000000795580000, 0x0000000797000000, 0x00000007c0000000)
  eden space 23040K, 0% used [0x0000000795580000,0x0000000795580000,0x0000000796c00000)
  from space 2048K, 47% used [0x0000000796e00000,0x0000000796ef24e0,0x0000000797000000)
  to   space 2048K, 0% used [0x0000000796c00000,0x0000000796c00000,0x0000000796e00000)
 ParOldGen       total 87552K, used 13116K [0x0000000740000000, 0x0000000745580000, 0x0000000795580000)
  object space 87552K, 14% used [0x0000000740000000,0x0000000740ccf2f0,0x0000000745580000)
 Metaspace       used 18434K, capacity 19346K, committed 19584K, reserved 1067008K
  class space    used 2395K, capacity 2586K, committed 2688K, reserved 1048576K
}
Event: 1711,898 GC heap before
{Heap before GC invocations=85 (full 0):
 PSYoungGen      total 25088K, used 23996K [0x0000000795580000, 0x0000000797000000, 0x00000007c0000000)
  eden space 23040K, 99% used [0x0000000795580000,0x0000000796bfcdf8,0x0000000796c00000)
  from space 2048K, 47% used [0x0000000796e00000,0x0000000796ef24e0,0x0000000797000000)
  to   space 2048K, 0% used [0x0000000796c00000,0x0000000796c00000,0x0000000796e00000)
 ParOldGen       total 87552K, used 13116K [0x0000000740000000, 0x0000000745580000, 0x0000000795580000)
  object space 87552K, 14% used [0x0000000740000000,0x0000000740ccf2f0,0x0000000745580000)
 Metaspace       used 18434K, capacity 19346K, committed 19584K, reserved 1067008K
  class space    used 2395K, capacity 2586K, committed 2688K, reserved 1048576K
Event: 1711,900 GC heap after
Heap after GC invocations=85 (full 0):
 PSYoungGen      total 25088K, used 900K [0x0000000795580000, 0x0000000797000000, 0x00000007c0000000)
  eden space 23040K, 0% used [0x0000000795580000,0x0000000795580000,0x0000000796c00000)
  from space 2048K, 43% used [0x0000000796c00000,0x0000000796ce1270,0x0000000796e00000)
  to   space 2048K, 0% used [0x0000000796e00000,0x0000000796e00000,0x0000000797000000)
 ParOldGen       total 87552K, used 13124K [0x0000000740000000, 0x0000000745580000, 0x0000000795580000)
  object space 87552K, 14% used [0x0000000740000000,0x0000000740cd12f0,0x0000000745580000)
 Metaspace       used 18434K, capacity 19346K, committed 19584K, reserved 1067008K
  class space    used 2395K, capacity 2586K, committed 2688K, reserved 1048576K
}
Event: 1712,324 GC heap before
{Heap before GC invocations=86 (full 0):
 PSYoungGen      total 25088K, used 23940K [0x0000000795580000, 0x0000000797000000, 0x00000007c0000000)
  eden space 23040K, 100% used [0x0000000795580000,0x0000000796c00000,0x0000000796c00000)
  from space 2048K, 43% used [0x0000000796c00000,0x0000000796ce1270,0x0000000796e00000)
  to   space 2048K, 0% used [0x0000000796e00000,0x0000000796e00000,0x0000000797000000)
 ParOldGen       total 87552K, used 13124K [0x0000000740000000, 0x0000000745580000, 0x0000000795580000)
  object space 87552K, 14% used [0x0000000740000000,0x0000000740cd12f0,0x0000000745580000)
 Metaspace       used 18434K, capacity 19346K, committed 19584K, reserved 1067008K
  class space    used 2395K, capacity 2586K, committed 2688K, reserved 1048576K
Event: 1712,360 GC heap after
Heap after GC invocations=86 (full 0):
 PSYoungGen      total 25088K, used 1407K [0x0000000795580000, 0x0000000797480000, 0x00000007c0000000)
  eden space 23040K, 0% used [0x0000000795580000,0x0000000795580000,0x0000000796c00000)
  from space 2048K, 68% used [0x0000000796e00000,0x0000000796f5fdd0,0x0000000797000000)
  to   space 2048K, 0% used [0x0000000796c00000,0x0000000796c00000,0x0000000796e00000)
 ParOldGen       total 87552K, used 13156K [0x0000000740000000, 0x0000000745580000, 0x0000000795580000)
  object space 87552K, 15% used [0x0000000740000000,0x0000000740cd92f0,0x0000000745580000)
 Metaspace       used 18434K, capacity 19346K, committed 19584K, reserved 1067008K
  class space    used 2395K, capacity 2586K, committed 2688K, reserved 1048576K
}

Deoptimization events (10 events):
Event: 1659,999 Thread 0x00007fae1305a800 Uncommon trap: reason=unstable_if action=reinterpret pc=0x0000000107bce6f0 method=com.sun.prism.impl.VertexBuffer.ensureCapacityForQuad()V @ 10
Event: 1660,098 Thread 0x00007fae1305a800 Uncommon trap: reason=unstable_if action=reinterpret pc=0x0000000107b3a078 method=com.sun.prism.impl.VertexBuffer.ensureCapacityForQuad()V @ 10
Event: 1709,318 Thread 0x00007fae128f4800 Uncommon trap: reason=class_check action=maybe_recompile pc=0x000000010792938c method=java.lang.reflect.Array.newInstance(Ljava/lang/Class;I)Ljava/lang/Object; @ 2
Event: 1709,319 Thread 0x00007fae128f4800 Uncommon trap: reason=class_check action=maybe_recompile pc=0x000000010792938c method=java.lang.reflect.Array.newInstance(Ljava/lang/Class;I)Ljava/lang/Object; @ 2
Event: 1709,319 Thread 0x00007fae128f4800 Uncommon trap: reason=class_check action=maybe_recompile pc=0x000000010792938c method=java.lang.reflect.Array.newInstance(Ljava/lang/Class;I)Ljava/lang/Object; @ 2
Event: 1709,320 Thread 0x00007fae128f4800 Uncommon trap: reason=class_check action=maybe_recompile pc=0x000000010792938c method=java.lang.reflect.Array.newInstance(Ljava/lang/Class;I)Ljava/lang/Object; @ 2
Event: 1712,499 Thread 0x00007fae128f4800 Uncommon trap: reason=bimorphic action=maybe_recompile pc=0x0000000107d452b0 method=com.sun.javafx.binding.ExpressionHelper$Generic.fireValueChangedEvent()V @ 91
Event: 1712,580 Thread 0x00007fae128f4800 Uncommon trap: reason=unstable_if action=reinterpret pc=0x0000000107aad740 method=java.security.AccessControlContext.combine([Ljava/security/ProtectionDomain;[Ljava/security/ProtectionDomain;)[Ljava/security/ProtectionDomain; @ 108
Event: 1712,580 Thread 0x00007fae128f4800 Uncommon trap: reason=unstable_if action=reinterpret pc=0x0000000107e2d034 method=java.security.AccessControlContext.combine([Ljava/security/ProtectionDomain;[Ljava/security/ProtectionDomain;)[Ljava/security/ProtectionDomain; @ 1
Event: 1712,580 Thread 0x00007fae128f4800 Uncommon trap: reason=unstable_if action=reinterpret pc=0x00000001077b6f3c method=java.security.AccessControlContext.combine([Ljava/security/ProtectionDomain;[Ljava/security/ProtectionDomain;)[Ljava/security/ProtectionDomain; @ 108

Internal exceptions (10 events):
Event: 0,770 Thread 0x00007fae128f4800 Exception <a 'java/lang/NullPointerException'> (0x00000007960dde20) thrown at [/Users/java_re/workspace/8-2-build-macosx-x86_64/jdk8u121/8372/hotspot/src/share/vm/interpreter/linkResolver.cpp, line 1178]
Event: 0,770 Thread 0x00007fae128f4800 Exception <a 'java/lang/NullPointerException'> (0x00000007960dde20) thrown at [/Users/java_re/workspace/8-2-build-macosx-x86_64/jdk8u121/8372/hotspot/src/share/vm/prims/jvm.cpp, line 1394]
Event: 1,176 Thread 0x00007fae128f4800 Implicit null exception at 0x00000001074740f5 to 0x00000001074742f1
Event: 1,521 Thread 0x00007fae128f4800 Exception <a 'java/lang/ArrayIndexOutOfBoundsException'> (0x0000000796aa79e8) thrown at [/Users/java_re/workspace/8-2-build-macosx-x86_64/jdk8u121/8372/hotspot/src/share/vm/runtime/sharedRuntime.cpp, line 605]
Event: 1,523 Thread 0x00007fae128f4800 Exception <a 'java/lang/ArrayIndexOutOfBoundsException'> (0x0000000796aa8500) thrown at [/Users/java_re/workspace/8-2-build-macosx-x86_64/jdk8u121/8372/hotspot/src/share/vm/runtime/sharedRuntime.cpp, line 605]
Event: 1,523 Thread 0x00007fae128f4800 Exception <a 'java/lang/ArrayIndexOutOfBoundsException'> (0x0000000796aa98a8) thrown at [/Users/java_re/workspace/8-2-build-macosx-x86_64/jdk8u121/8372/hotspot/src/share/vm/runtime/sharedRuntime.cpp, line 605]
Event: 2,185 Thread 0x00007fae128f4800 Implicit null exception at 0x000000010760f05b to 0x000000010760f561
Event: 4,170 Thread 0x00007fae11b80800 Exception <a 'java/lang/NoClassDefFoundError': org/apache/log4j/Category> (0x0000000795d58098) thrown at [/Users/java_re/workspace/8-2-build-macosx-x86_64/jdk8u121/8372/hotspot/src/share/vm/classfile/systemDictionary.cpp, line 199]
Event: 4,177 Thread 0x00007fae11b80800 Exception <a 'java/lang/UnsatisfiedLinkError': com.intel.bluetooth.BluetoothStackOSX.isNativeCodeLoaded()Z> (0x0000000795d8e560) thrown at [/Users/java_re/workspace/8-2-build-macosx-x86_64/jdk8u121/8372/hotspot/src/share/vm/prims/nativeLookup.cpp, line 37
Event: 1712,580 Thread 0x00007fae128f4800 Implicit null exception at 0x0000000107e2cd96 to 0x0000000107e2d025

Events (10 events):
Event: 1712,580 Thread 0x00007fae128f4800 Uncommon trap: trap_request=0xffffff65 fr.pc=0x0000000107aad740
Event: 1712,580 Thread 0x00007fae128f4800 DEOPT PACKING pc=0x0000000107aad740 sp=0x00007fff5d4de9e0
Event: 1712,580 Thread 0x00007fae128f4800 DEOPT UNPACKING pc=0x0000000107239229 sp=0x00007fff5d4de830 mode 2
Event: 1712,580 Thread 0x00007fae128f4800 Uncommon trap: trap_request=0xffffff65 fr.pc=0x0000000107e2d034
Event: 1712,580 Thread 0x00007fae128f4800 DEOPT PACKING pc=0x0000000107e2d034 sp=0x00007fff5d4de800
Event: 1712,580 Thread 0x00007fae128f4800 DEOPT UNPACKING pc=0x0000000107239229 sp=0x00007fff5d4de7a8 mode 2
Event: 1712,580 Thread 0x00007fae128f4800 Uncommon trap: trap_request=0xffffff65 fr.pc=0x00000001077b6f3c
Event: 1712,580 Thread 0x00007fae128f4800 DEOPT PACKING pc=0x00000001077b6f3c sp=0x00007fff5d4de8f0
Event: 1712,580 Thread 0x00007fae128f4800 DEOPT UNPACKING pc=0x0000000107239229 sp=0x00007fff5d4de818 mode 2
Event: 1712,618 Thread 0x00007fae11b80800 Thread exited: 0x00007fae11b80800


Dynamic libraries:
0x0000000043be1000 	/System/Library/Frameworks/Cocoa.framework/Versions/A/Cocoa
0x0000000043be1000 	/System/Library/Frameworks/Security.framework/Versions/A/Security
0x0000000043be1000 	/System/Library/Frameworks/ApplicationServices.framework/Versions/A/ApplicationServices
0x0000000043be1000 	/usr/lib/libz.1.dylib
0x0000000043be1000 	/usr/lib/libSystem.B.dylib
0x0000000043be1000 	/usr/lib/libobjc.A.dylib
0x0000000043be1000 	/System/Library/Frameworks/CoreFoundation.framework/Versions/A/CoreFoundation
0x0000000043be1000 	/System/Library/Frameworks/Foundation.framework/Versions/C/Foundation
0x0000000043be1000 	/System/Library/Frameworks/AppKit.framework/Versions/C/AppKit
0x0000000043be1000 	/System/Library/Frameworks/CoreData.framework/Versions/A/CoreData
0x0000000043be1000 	/System/Library/PrivateFrameworks/RemoteViewServices.framework/Versions/A/RemoteViewServices
0x0000000043be1000 	/System/Library/PrivateFrameworks/UIFoundation.framework/Versions/A/UIFoundation
0x0000000043be1000 	/System/Library/PrivateFrameworks/DFRFoundation.framework/Versions/A/DFRFoundation
0x0000000043be1000 	/usr/lib/libenergytrace.dylib
0x0000000043be1000 	/System/Library/PrivateFrameworks/SkyLight.framework/Versions/A/SkyLight
0x0000000043be1000 	/System/Library/Frameworks/CoreGraphics.framework/Versions/A/CoreGraphics
0x0000000043be1000 	/usr/lib/libScreenReader.dylib
0x0000000043be1000 	/System/Library/Frameworks/Accelerate.framework/Versions/A/Accelerate
0x0000000043be1000 	/System/Library/Frameworks/IOSurface.framework/Versions/A/IOSurface
0x0000000043be1000 	/System/Library/Frameworks/AudioToolbox.framework/Versions/A/AudioToolbox
0x0000000043be1000 	/System/Library/Frameworks/AudioUnit.framework/Versions/A/AudioUnit
0x0000000043be1000 	/System/Library/PrivateFrameworks/DataDetectorsCore.framework/Versions/A/DataDetectorsCore
0x0000000043be1000 	/System/Library/PrivateFrameworks/DesktopServicesPriv.framework/Versions/A/DesktopServicesPriv
0x0000000043be1000 	/System/Library/Frameworks/Carbon.framework/Versions/A/Frameworks/HIToolbox.framework/Versions/A/HIToolbox
0x0000000043be1000 	/usr/lib/libicucore.A.dylib
0x0000000043be1000 	/System/Library/Frameworks/QuartzCore.framework/Versions/A/QuartzCore
0x0000000043be1000 	/System/Library/Frameworks/Carbon.framework/Versions/A/Frameworks/SpeechRecognition.framework/Versions/A/SpeechRecognition
0x0000000043be1000 	/usr/lib/libauto.dylib
0x0000000043be1000 	/usr/lib/libxml2.2.dylib
0x0000000043be1000 	/System/Library/PrivateFrameworks/CoreUI.framework/Versions/A/CoreUI
0x0000000043be1000 	/System/Library/Frameworks/CoreAudio.framework/Versions/A/CoreAudio
0x0000000043be1000 	/System/Library/Frameworks/DiskArbitration.framework/Versions/A/DiskArbitration
0x0000000043be1000 	/usr/lib/liblangid.dylib
0x0000000043be1000 	/System/Library/PrivateFrameworks/MultitouchSupport.framework/Versions/A/MultitouchSupport
0x0000000043be1000 	/System/Library/Frameworks/IOKit.framework/Versions/A/IOKit
0x0000000043be1000 	/usr/lib/libDiagnosticMessagesClient.dylib
0x0000000043be1000 	/System/Library/Frameworks/CoreServices.framework/Versions/A/CoreServices
0x0000000043be1000 	/System/Library/PrivateFrameworks/PerformanceAnalysis.framework/Versions/A/PerformanceAnalysis
0x0000000043be1000 	/System/Library/PrivateFrameworks/GenerationalStorage.framework/Versions/A/GenerationalStorage
0x0000000043be1000 	/System/Library/Frameworks/OpenGL.framework/Versions/A/OpenGL
0x0000000043be1000 	/System/Library/Frameworks/CoreImage.framework/Versions/A/CoreImage
0x0000000043be1000 	/System/Library/Frameworks/CoreText.framework/Versions/A/CoreText
0x0000000043be1000 	/System/Library/Frameworks/ImageIO.framework/Versions/A/ImageIO
0x0000000043be1000 	/System/Library/PrivateFrameworks/Backup.framework/Versions/A/Backup
0x0000000043be1000 	/usr/lib/libarchive.2.dylib
0x0000000043be1000 	/System/Library/Frameworks/CFNetwork.framework/Versions/A/CFNetwork
0x0000000043be1000 	/System/Library/Frameworks/SystemConfiguration.framework/Versions/A/SystemConfiguration
0x0000000043be1000 	/usr/lib/libCRFSuite.dylib
0x0000000043be1000 	/usr/lib/libc++.1.dylib
0x0000000043be1000 	/usr/lib/libc++abi.dylib
0x0000000043be1000 	/usr/lib/system/libcache.dylib
0x0000000043be1000 	/usr/lib/system/libcommonCrypto.dylib
0x0000000043be1000 	/usr/lib/system/libcompiler_rt.dylib
0x0000000043be1000 	/usr/lib/system/libcopyfile.dylib
0x0000000043be1000 	/usr/lib/system/libcorecrypto.dylib
0x0000000043be1000 	/usr/lib/system/libdispatch.dylib
0x0000000043be1000 	/usr/lib/system/libdyld.dylib
0x0000000043be1000 	/usr/lib/system/libkeymgr.dylib
0x0000000043be1000 	/usr/lib/system/liblaunch.dylib
0x0000000043be1000 	/usr/lib/system/libmacho.dylib
0x0000000043be1000 	/usr/lib/system/libquarantine.dylib
0x0000000043be1000 	/usr/lib/system/libremovefile.dylib
0x0000000043be1000 	/usr/lib/system/libsystem_asl.dylib
0x0000000043be1000 	/usr/lib/system/libsystem_blocks.dylib
0x0000000043be1000 	/usr/lib/system/libsystem_c.dylib
0x0000000043be1000 	/usr/lib/system/libsystem_configuration.dylib
0x0000000043be1000 	/usr/lib/system/libsystem_coreservices.dylib
0x0000000043be1000 	/usr/lib/system/libsystem_coretls.dylib
0x0000000043be1000 	/usr/lib/system/libsystem_dnssd.dylib
0x0000000043be1000 	/usr/lib/system/libsystem_info.dylib
0x0000000043be1000 	/usr/lib/system/libsystem_kernel.dylib
0x0000000043be1000 	/usr/lib/system/libsystem_m.dylib
0x0000000043be1000 	/usr/lib/system/libsystem_malloc.dylib
0x0000000043be1000 	/usr/lib/system/libsystem_network.dylib
0x0000000043be1000 	/usr/lib/system/libsystem_networkextension.dylib
0x0000000043be1000 	/usr/lib/system/libsystem_notify.dylib
0x0000000043be1000 	/usr/lib/system/libsystem_platform.dylib
0x0000000043be1000 	/usr/lib/system/libsystem_pthread.dylib
0x0000000043be1000 	/usr/lib/system/libsystem_sandbox.dylib
0x0000000043be1000 	/usr/lib/system/libsystem_secinit.dylib
0x0000000043be1000 	/usr/lib/system/libsystem_symptoms.dylib
0x0000000043be1000 	/usr/lib/system/libsystem_trace.dylib
0x0000000043be1000 	/usr/lib/system/libunwind.dylib
0x0000000043be1000 	/usr/lib/system/libxpc.dylib
0x0000000043be1000 	/usr/lib/libbsm.0.dylib
0x0000000043be1000 	/usr/lib/system/libkxld.dylib
0x0000000043be1000 	/usr/lib/libcoretls.dylib
0x0000000043be1000 	/usr/lib/libcoretls_cfhelpers.dylib
0x0000000043be1000 	/usr/lib/libOpenScriptingUtil.dylib
0x0000000043be1000 	/usr/lib/libpam.2.dylib
0x0000000043be1000 	/usr/lib/libsqlite3.dylib
0x0000000043be1000 	/usr/lib/libxar.1.dylib
0x0000000043be1000 	/usr/lib/libbz2.1.0.dylib
0x0000000043be1000 	/usr/lib/liblzma.5.dylib
0x0000000043be1000 	/usr/lib/libnetwork.dylib
0x0000000043be1000 	/usr/lib/libpcap.A.dylib
0x0000000043be1000 	/System/Library/Frameworks/CoreServices.framework/Versions/A/Frameworks/FSEvents.framework/Versions/A/FSEvents
0x0000000043be1000 	/System/Library/Frameworks/CoreServices.framework/Versions/A/Frameworks/CarbonCore.framework/Versions/A/CarbonCore
0x0000000043be1000 	/System/Library/Frameworks/CoreServices.framework/Versions/A/Frameworks/Metadata.framework/Versions/A/Metadata
0x0000000043be1000 	/System/Library/Frameworks/CoreServices.framework/Versions/A/Frameworks/OSServices.framework/Versions/A/OSServices
0x0000000043be1000 	/System/Library/Frameworks/CoreServices.framework/Versions/A/Frameworks/SearchKit.framework/Versions/A/SearchKit
0x0000000043be1000 	/System/Library/Frameworks/CoreServices.framework/Versions/A/Frameworks/AE.framework/Versions/A/AE
0x0000000043be1000 	/System/Library/Frameworks/CoreServices.framework/Versions/A/Frameworks/LaunchServices.framework/Versions/A/LaunchServices
0x0000000043be1000 	/System/Library/Frameworks/CoreServices.framework/Versions/A/Frameworks/DictionaryServices.framework/Versions/A/DictionaryServices
0x0000000043be1000 	/System/Library/Frameworks/CoreServices.framework/Versions/A/Frameworks/SharedFileList.framework/Versions/A/SharedFileList
0x0000000043be1000 	/System/Library/Frameworks/NetFS.framework/Versions/A/NetFS
0x0000000043be1000 	/System/Library/PrivateFrameworks/NetAuth.framework/Versions/A/NetAuth
0x0000000043be1000 	/System/Library/PrivateFrameworks/login.framework/Versions/A/Frameworks/loginsupport.framework/Versions/A/loginsupport
0x0000000043be1000 	/System/Library/PrivateFrameworks/TCC.framework/Versions/A/TCC
0x0000000043be1000 	/usr/lib/libmecabra.dylib
0x0000000043be1000 	/System/Library/Frameworks/ApplicationServices.framework/Versions/A/Frameworks/ATS.framework/Versions/A/ATS
0x0000000043be1000 	/System/Library/Frameworks/ApplicationServices.framework/Versions/A/Frameworks/ColorSync.framework/Versions/A/ColorSync
0x0000000043be1000 	/System/Library/Frameworks/ApplicationServices.framework/Versions/A/Frameworks/HIServices.framework/Versions/A/HIServices
0x0000000043be1000 	/System/Library/Frameworks/ApplicationServices.framework/Versions/A/Frameworks/LangAnalysis.framework/Versions/A/LangAnalysis
0x0000000043be1000 	/System/Library/Frameworks/ApplicationServices.framework/Versions/A/Frameworks/PrintCore.framework/Versions/A/PrintCore
0x0000000043be1000 	/System/Library/Frameworks/ApplicationServices.framework/Versions/A/Frameworks/QD.framework/Versions/A/QD
0x0000000043be1000 	/System/Library/Frameworks/ApplicationServices.framework/Versions/A/Frameworks/SpeechSynthesis.framework/Versions/A/SpeechSynthesis
0x0000000043be1000 	/System/Library/Frameworks/Accelerate.framework/Versions/A/Frameworks/vImage.framework/Versions/A/vImage
0x0000000043be1000 	/System/Library/Frameworks/Accelerate.framework/Versions/A/Frameworks/vecLib.framework/Versions/A/vecLib
0x0000000043be1000 	/System/Library/Frameworks/Accelerate.framework/Versions/A/Frameworks/vecLib.framework/Versions/A/libvDSP.dylib
0x0000000043be1000 	/System/Library/Frameworks/Accelerate.framework/Versions/A/Frameworks/vecLib.framework/Versions/A/libBNNS.dylib
0x0000000043be1000 	/System/Library/Frameworks/Accelerate.framework/Versions/A/Frameworks/vecLib.framework/Versions/A/libQuadrature.dylib
0x0000000043be1000 	/System/Library/Frameworks/Accelerate.framework/Versions/A/Frameworks/vecLib.framework/Versions/A/libvMisc.dylib
0x0000000043be1000 	/System/Library/Frameworks/Accelerate.framework/Versions/A/Frameworks/vecLib.framework/Versions/A/libLAPACK.dylib
0x0000000043be1000 	/System/Library/Frameworks/Accelerate.framework/Versions/A/Frameworks/vecLib.framework/Versions/A/libBLAS.dylib
0x0000000043be1000 	/System/Library/Frameworks/Accelerate.framework/Versions/A/Frameworks/vecLib.framework/Versions/A/libLinearAlgebra.dylib
0x0000000043be1000 	/System/Library/Frameworks/Accelerate.framework/Versions/A/Frameworks/vecLib.framework/Versions/A/libSparseBLAS.dylib
0x0000000043be1000 	/System/Library/Frameworks/ApplicationServices.framework/Versions/A/Frameworks/ATS.framework/Versions/A/Resources/libFontParser.dylib
0x0000000043be1000 	/System/Library/Frameworks/ApplicationServices.framework/Versions/A/Frameworks/ATS.framework/Versions/A/Resources/libFontRegistry.dylib
0x0000000043be1000 	/System/Library/Frameworks/ImageIO.framework/Versions/A/Resources/libJPEG.dylib
0x0000000043be1000 	/System/Library/Frameworks/ImageIO.framework/Versions/A/Resources/libTIFF.dylib
0x0000000043be1000 	/System/Library/Frameworks/ImageIO.framework/Versions/A/Resources/libPng.dylib
0x0000000043be1000 	/System/Library/Frameworks/ImageIO.framework/Versions/A/Resources/libGIF.dylib
0x0000000043be1000 	/System/Library/Frameworks/ImageIO.framework/Versions/A/Resources/libJP2.dylib
0x0000000043be1000 	/System/Library/Frameworks/ImageIO.framework/Versions/A/Resources/libRadiance.dylib
0x0000000043be1000 	/usr/lib/libcompression.dylib
0x0000000043be1000 	/System/Library/PrivateFrameworks/AppleJPEG.framework/Versions/A/AppleJPEG
0x0000000043be1000 	/usr/lib/libcups.2.dylib
0x0000000043be1000 	/System/Library/Frameworks/Kerberos.framework/Versions/A/Kerberos
0x0000000043be1000 	/System/Library/Frameworks/GSS.framework/Versions/A/GSS
0x0000000043be1000 	/usr/lib/libresolv.9.dylib
0x0000000043be1000 	/usr/lib/libiconv.2.dylib
0x0000000043be1000 	/System/Library/PrivateFrameworks/Heimdal.framework/Versions/A/Heimdal
0x0000000043be1000 	/usr/lib/libheimdal-asn1.dylib
0x0000000043be1000 	/System/Library/Frameworks/OpenDirectory.framework/Versions/A/OpenDirectory
0x0000000043be1000 	/System/Library/PrivateFrameworks/CommonAuth.framework/Versions/A/CommonAuth
0x0000000043be1000 	/System/Library/Frameworks/OpenDirectory.framework/Versions/A/Frameworks/CFOpenDirectory.framework/Versions/A/CFOpenDirectory
0x0000000043be1000 	/System/Library/Frameworks/SecurityFoundation.framework/Versions/A/SecurityFoundation
0x0000000043be1000 	/System/Library/PrivateFrameworks/LanguageModeling.framework/Versions/A/LanguageModeling
0x0000000043be1000 	/usr/lib/libmarisa.dylib
0x0000000043be1000 	/usr/lib/libChineseTokenizer.dylib
0x0000000043be1000 	/usr/lib/libcmph.dylib
0x0000000043be1000 	/System/Library/PrivateFrameworks/CoreEmoji.framework/Versions/A/CoreEmoji
0x0000000043be1000 	/System/Library/Frameworks/ServiceManagement.framework/Versions/A/ServiceManagement
0x0000000043be1000 	/usr/lib/libxslt.1.dylib
0x0000000043be1000 	/System/Library/Frameworks/Carbon.framework/Versions/A/Frameworks/Ink.framework/Versions/A/Ink
0x0000000043be1000 	/System/Library/PrivateFrameworks/TextureIO.framework/Versions/A/TextureIO
0x0000000043be1000 	/System/Library/Frameworks/Metal.framework/Versions/A/Metal
0x0000000043be1000 	/usr/lib/libate.dylib
0x0000000043be1000 	/System/Library/PrivateFrameworks/GPUCompiler.framework/libmetal_timestamp.dylib
0x0000000043be1000 	/System/Library/Frameworks/OpenGL.framework/Versions/A/Libraries/libCoreFSCache.dylib
0x0000000043be1000 	/System/Library/PrivateFrameworks/IOAccelerator.framework/Versions/A/IOAccelerator
0x0000000043be1000 	/System/Library/Frameworks/CoreVideo.framework/Versions/A/CoreVideo
0x0000000043be1000 	/usr/lib/libFosl_dynamic.dylib
0x0000000043be1000 	/System/Library/PrivateFrameworks/MetalPerformanceShaders.framework/Versions/A/MetalPerformanceShaders
0x0000000043be1000 	/System/Library/PrivateFrameworks/FaceCore.framework/Versions/A/FaceCore
0x0000000043be1000 	/System/Library/Frameworks/OpenCL.framework/Versions/A/OpenCL
0x0000000043be1000 	/System/Library/Frameworks/OpenGL.framework/Versions/A/Libraries/libGLU.dylib
0x0000000043be1000 	/System/Library/Frameworks/OpenGL.framework/Versions/A/Libraries/libGFXShared.dylib
0x0000000043be1000 	/System/Library/Frameworks/OpenGL.framework/Versions/A/Libraries/libGL.dylib
0x0000000043be1000 	/System/Library/Frameworks/OpenGL.framework/Versions/A/Libraries/libGLImage.dylib
0x0000000043be1000 	/System/Library/Frameworks/OpenGL.framework/Versions/A/Libraries/libCVMSPluginSupport.dylib
0x0000000043be1000 	/System/Library/Frameworks/OpenGL.framework/Versions/A/Libraries/libCoreVMClient.dylib
0x0000000043be1000 	/System/Library/PrivateFrameworks/CrashReporterSupport.framework/Versions/A/CrashReporterSupport
0x0000000043be1000 	/System/Library/PrivateFrameworks/Sharing.framework/Versions/A/Sharing
0x0000000043be1000 	/System/Library/PrivateFrameworks/IconServices.framework/Versions/A/IconServices
0x0000000043be1000 	/System/Library/PrivateFrameworks/ProtocolBuffer.framework/Versions/A/ProtocolBuffer
0x0000000043be1000 	/System/Library/PrivateFrameworks/Apple80211.framework/Versions/A/Apple80211
0x0000000043be1000 	/System/Library/Frameworks/CoreWLAN.framework/Versions/A/CoreWLAN
0x0000000043be1000 	/System/Library/PrivateFrameworks/CoreUtils.framework/Versions/A/CoreUtils
0x0000000043be1000 	/System/Library/Frameworks/IOBluetooth.framework/Versions/A/IOBluetooth
0x0000000043be1000 	/System/Library/PrivateFrameworks/CoreWiFi.framework/Versions/A/CoreWiFi
0x0000000043be1000 	/System/Library/Frameworks/CoreBluetooth.framework/Versions/A/CoreBluetooth
0x0000000043be1000 	/System/Library/Frameworks/CoreDisplay.framework/Versions/A/CoreDisplay
0x0000000043be1000 	/System/Library/PrivateFrameworks/IOPresentment.framework/Versions/A/IOPresentment
0x0000000043be1000 	/System/Library/PrivateFrameworks/DSExternalDisplay.framework/Versions/A/DSExternalDisplay
0x0000000043be1000 	/System/Library/PrivateFrameworks/DebugSymbols.framework/Versions/A/DebugSymbols
0x0000000043be1000 	/System/Library/PrivateFrameworks/CoreSymbolication.framework/Versions/A/CoreSymbolication
0x0000000043be1000 	/System/Library/PrivateFrameworks/Symbolication.framework/Versions/A/Symbolication
0x0000000043be1000 	/System/Library/PrivateFrameworks/AppleFSCompression.framework/Versions/A/AppleFSCompression
0x0000000043be1000 	/System/Library/PrivateFrameworks/SpeechRecognitionCore.framework/Versions/A/SpeechRecognitionCore
0x0000000043be1000 	/System/Library/PrivateFrameworks/ChunkingLibrary.framework/Versions/A/ChunkingLibrary
0x0000000048468000 	/System/Library/CoreServices/Encodings/libCyrillicConverter.dylib
0x0000000103000000 	/Library/Java/JavaVirtualMachines/jdk1.8.0_121.jdk/Contents/Home/jre/lib/server/libjvm.dylib
0x0000000043be1000 	/usr/lib/libstdc++.6.dylib
0x00000001027d0000 	/Library/Java/JavaVirtualMachines/jdk1.8.0_121.jdk/Contents/Home/jre/lib/libverify.dylib
0x0000000103fa2000 	/Library/Java/JavaVirtualMachines/jdk1.8.0_121.jdk/Contents/Home/jre/lib/libjava.dylib
0x00000001027e8000 	/Library/Java/JavaVirtualMachines/jdk1.8.0_121.jdk/Contents/Home/jre/lib/libzip.dylib
0x0000000106912000 	/System/Library/Frameworks/JavaVM.framework/Frameworks/JavaRuntimeSupport.framework/JavaRuntimeSupport
0x000000010692c000 	/System/Library/Frameworks/JavaVM.framework/Versions/A/Frameworks/JavaNativeFoundation.framework/Versions/A/JavaNativeFoundation
0x00000001027f1000 	/System/Library/Frameworks/JavaVM.framework/Versions/A/JavaVM
0x0000000043be1000 	/System/Library/Frameworks/Carbon.framework/Versions/A/Carbon
0x0000000106941000 	/System/Library/PrivateFrameworks/JavaLaunching.framework/Versions/A/JavaLaunching
0x0000000043be1000 	/System/Library/Frameworks/Carbon.framework/Versions/A/Frameworks/CommonPanels.framework/Versions/A/CommonPanels
0x0000000043be1000 	/System/Library/Frameworks/Carbon.framework/Versions/A/Frameworks/Help.framework/Versions/A/Help
0x0000000043be1000 	/System/Library/Frameworks/Carbon.framework/Versions/A/Frameworks/ImageCapture.framework/Versions/A/ImageCapture
0x0000000043be1000 	/System/Library/Frameworks/Carbon.framework/Versions/A/Frameworks/OpenScripting.framework/Versions/A/OpenScripting
0x0000000043be1000 	/System/Library/Frameworks/Carbon.framework/Versions/A/Frameworks/Print.framework/Versions/A/Print
0x0000000043be1000 	/System/Library/Frameworks/Carbon.framework/Versions/A/Frameworks/SecurityHI.framework/Versions/A/SecurityHI
0x0000000106a72000 	/Library/Java/JavaVirtualMachines/jdk1.8.0_121.jdk/Contents/Home/jre/lib/libprism_es2.dylib
0x0000000106ad8000 	/System/Library/Frameworks/OpenGL.framework/Resources/GLEngine.bundle/GLEngine
0x0000000043be1000 	/System/Library/Frameworks/OpenGL.framework/Versions/A/Libraries/libGLProgrammability.dylib
0x000000011baed000 	/System/Library/Extensions/AppleIntelBDWGraphicsGLDriver.bundle/Contents/MacOS/AppleIntelBDWGraphicsGLDriver
0x0000000043be1000 	/System/Library/PrivateFrameworks/GPUSupport.framework/Versions/A/Libraries/libGPUSupportMercury.dylib
0x0000000106cc0000 	/System/Library/Frameworks/OpenGL.framework/Resources//GLRendererFloat.bundle/GLRendererFloat
0x0000000043be1000 	/System/Library/Frameworks/OpenCL.framework/Versions/A/Libraries/libcldcpuengine.dylib
0x0000000043be1000 	/usr/lib/libcrypto.0.9.8.dylib
0x0000000043be1000 	/System/Library/PrivateFrameworks/TrustEvaluationAgent.framework/Versions/A/TrustEvaluationAgent
0x00000001070e3000 	/Library/Java/JavaVirtualMachines/jdk1.8.0_121.jdk/Contents/Home/jre/lib/libglass.dylib
0x0000000043be1000 	/System/Library/PrivateFrameworks/CoreServicesInternal.framework/Versions/A/CoreServicesInternal
0x0000000043be1000 	/System/Library/CoreServices/RawCamera.bundle/Contents/MacOS/RawCamera
0x0000000043be1000 	/System/Library/Frameworks/Accelerate.framework/Versions/A/Frameworks/vImage.framework/Versions/A/Libraries/libCGInterfaces.dylib
0x0000000043be1000 	/System/Library/PrivateFrameworks/FamilyControls.framework/Versions/A/FamilyControls
0x0000000043be1000 	/System/Library/PrivateFrameworks/CommerceKit.framework/Versions/A/Frameworks/CommerceCore.framework/Versions/A/CommerceCore
0x0000000043be1000 	/System/Library/PrivateFrameworks/SystemAdministration.framework/Versions/A/SystemAdministration
0x0000000043be1000 	/System/Library/PrivateFrameworks/AppContainer.framework/Versions/A/AppContainer
0x0000000043be1000 	/System/Library/PrivateFrameworks/SecCodeWrapper.framework/Versions/A/SecCodeWrapper
0x0000000043be1000 	/System/Library/Frameworks/DirectoryService.framework/Versions/A/DirectoryService
0x0000000043be1000 	/System/Library/PrivateFrameworks/DiskImages.framework/Versions/A/DiskImages
0x0000000043be1000 	/System/Library/PrivateFrameworks/LoginUIKit.framework/Versions/A/Frameworks/LoginUICore.framework/Versions/A/LoginUICore
0x0000000043be1000 	/usr/lib/libCoreStorage.dylib
0x0000000043be1000 	/usr/lib/libcsfde.dylib
0x0000000043be1000 	/usr/lib/libodfde.dylib
0x0000000043be1000 	/System/Library/Frameworks/DiscRecording.framework/Versions/A/DiscRecording
0x0000000043be1000 	/usr/lib/libcurl.4.dylib
0x0000000043be1000 	/System/Library/PrivateFrameworks/MediaKit.framework/Versions/A/MediaKit
0x0000000043be1000 	/System/Library/PrivateFrameworks/ProtectedCloudStorage.framework/Versions/A/ProtectedCloudStorage
0x0000000043be1000 	/System/Library/PrivateFrameworks/EFILogin.framework/Versions/A/EFILogin
0x0000000043be1000 	/usr/lib/libutil.dylib
0x0000000043be1000 	/System/Library/Frameworks/LDAP.framework/Versions/A/LDAP
0x0000000043be1000 	/usr/lib/libsasl2.2.dylib
0x0000000043be1000 	/System/Library/PrivateFrameworks/CoreDaemon.framework/Versions/B/CoreDaemon
0x0000000043be1000 	/System/Library/PrivateFrameworks/AppleSRP.framework/Versions/A/AppleSRP
0x0000000043be1000 	/System/Library/PrivateFrameworks/APFS.framework/Versions/A/APFS
0x0000000107178000 	/Library/Java/JavaVirtualMachines/jdk1.8.0_121.jdk/Contents/Home/jre/lib/libjavafx_font.dylib
0x0000000043be1000 	/System/Library/Frameworks/ApplicationServices.framework/Versions/A/Frameworks/ATS.framework/Versions/A/Resources/libTrueTypeScaler.dylib
0x0000000120543000 	/System/Library/Extensions/AppleIntelBDWGraphicsMTLDriver.bundle/Contents/MacOS/AppleIntelBDWGraphicsMTLDriver
0x0000000043be1000 	/System/Library/PrivateFrameworks/ViewBridge.framework/Versions/A/ViewBridge
0x0000000043be1000 	/System/Library/PrivateFrameworks/XPCService.framework/Versions/A/XPCService
0x0000000043be1000 	/System/Library/PrivateFrameworks/AppSandbox.framework/Versions/A/AppSandbox
0x0000000043be1000 	/usr/lib/libsandbox.1.dylib
0x0000000043be1000 	/usr/lib/libMatch.1.dylib
0x00000001221f7000 	/Library/Java/JavaVirtualMachines/jdk1.8.0_121.jdk/Contents/Home/jre/lib/libprism_common.dylib
0x000000011c427000 	/private/var/folders/ln/k65kzw8x3s39kqk_9k4tjpr80000gn/T/bluecove_veek_0/libbluecove.jnilib

VM Arguments:
java_command: DashmaticServer.jar
java_class_path (initial): DashmaticServer.jar
Launcher Type: SUN_STANDARD

Environment Variables:
PATH=/usr/local/bin:/usr/bin:/bin:/usr/sbin:/sbin:/opt/X11/bin
SHELL=/usr/local/bin/fish
DISPLAY=/private/tmp/com.apple.launchd.Gm8YPSzhVN/org.macosforge.xquartz:0

Signal Handlers:
SIGSEGV: [libjvm.dylib+0x5b1141], sa_mask[0]=11111111011111110111111111111111, sa_flags=SA_ONSTACK|SA_RESTART|SA_SIGINFO
SIGBUS: [libjvm.dylib+0x5b1141], sa_mask[0]=11111111011111110111111111111111, sa_flags=SA_RESTART|SA_SIGINFO
SIGFPE: [libjvm.dylib+0x487bc4], sa_mask[0]=11111111011111110111111111111111, sa_flags=SA_RESTART|SA_SIGINFO
SIGPIPE: [libjvm.dylib+0x487bc4], sa_mask[0]=11111111011111110111111111111111, sa_flags=SA_RESTART|SA_SIGINFO
SIGXFSZ: [libjvm.dylib+0x487bc4], sa_mask[0]=11111111011111110111111111111111, sa_flags=SA_RESTART|SA_SIGINFO
SIGILL: [libjvm.dylib+0x487bc4], sa_mask[0]=11111111011111110111111111111111, sa_flags=SA_RESTART|SA_SIGINFO
SIGUSR1: SIG_DFL, sa_mask[0]=00000000000000000000000000000000, sa_flags=none
SIGUSR2: [libjvm.dylib+0x4876e2], sa_mask[0]=00000000000000000000000000000000, sa_flags=SA_RESTART|SA_SIGINFO
SIGHUP: [libjvm.dylib+0x485cb9], sa_mask[0]=11111111011111110111111111111111, sa_flags=SA_RESTART|SA_SIGINFO
SIGINT: [libjvm.dylib+0x485cb9], sa_mask[0]=11111111011111110111111111111111, sa_flags=SA_RESTART|SA_SIGINFO
SIGTERM: [libjvm.dylib+0x485cb9], sa_mask[0]=11111111011111110111111111111111, sa_flags=SA_RESTART|SA_SIGINFO
SIGQUIT: [libjvm.dylib+0x485cb9], sa_mask[0]=11111111011111110111111111111111, sa_flags=SA_RESTART|SA_SIGINFO


---------------  S Y S T E M  ---------------

OS:Bsduname:Darwin 16.6.0 Darwin Kernel Version 16.6.0: Fri Apr 14 16:21:16 PDT 2017; root:xnu-3789.60.24~6/RELEASE_X86_64 x86_64
rlimit: STACK 8192k, CORE 0k, NPROC 709, NOFILE 10240, AS infinity
load average:2,57 2,44 2,24

CPU:total 4 (2 cores per cpu, 2 threads per core) family 6 model 61 stepping 4, cmov, cx8, fxsr, mmx, sse, sse2, sse3, ssse3, sse4.1, sse4.2, popcnt, avx, avx2, aes, clmul, erms, 3dnowpref, lzcnt, ht, tsc, tscinvbit, bmi1, bmi2, adx

Memory: 4k page, physical 8388608k(347656k free)

/proc/meminfo:


vm_info: Java HotSpot(TM) 64-Bit Server VM (25.121-b13) for bsd-amd64 JRE (1.8.0_121-b13), built on Dec 12 2016 20:39:32 by "java_re" with gcc 4.2.1 (Based on Apple Inc. build 5658) (LLVM build 2336.11.00)

time: Thu Jun 22 13:29:47 2017
elapsed time: 1712 seconds (0d 0h 28m 32s)

